Needle Calibration logActive Area 1

X,Y Reprojection Errors
Reprojection errors: [[ 0.         -0.        ]
 [-0.01551263 -0.06929281]
 [-0.01033922 -0.20376009]
 [-0.0549099  -0.27877575]
 [-0.00681972 -0.36093017]
 [-0.05844203 -0.26203953]
 [-0.07857247  0.15561544]
 [ 0.          0.        ]
 [-0.02324892  0.10758257]
 [-0.08098576  0.21779774]
 [-0.0752013   0.16370297]
 [-0.05882754  0.13378129]
 [-0.02419264 -0.06282253]
 [ 0.09727242 -0.51399464]
 [-0.          0.        ]
 [-0.08140019  0.07636326]
 [-0.19663256  0.15513248]
 [-0.20188211  0.18868392]
 [-0.21495177  0.23848213]
 [-0.01275485  0.37521712]
 [ 0.27274809  0.5080978 ]
 [ 0.          0.        ]
 [-0.0440209   0.02551274]
 [ 0.03693147  0.17731789]
 [ 0.11130661  0.09405885]
 [ 0.11252433  0.13294878]
 [ 0.12456445  0.06718299]
 [-0.04456384  0.00653957]
 [ 0.          0.        ]
 [-0.03588959  0.01514526]
 [-0.00297634  0.22820063]
 [ 0.04022397  0.18468972]
 [ 0.01539807  0.25678546]
 [-0.02094314  0.25270619]
 [-0.24092851  0.25690592]
 [ 0.04588862 -0.05642223]
 [-0.04939701 -0.14532213]
 [-0.02573036 -0.08575605]
 [ 0.03339784 -0.17791929]
 [ 0.02832666 -0.01972583]
 [-0.02415376  0.14301865]
 [ 0.0144732   0.25385141]
 [-0.0203767   0.14467844]
 [-0.07338739  0.17607222]
 [-0.14759756 -0.01316141]
 [-0.0322594   0.03459081]
 [-0.11702083  0.05301268]
 [-0.07126217  0.07502644]
 [-0.08620886  0.04240922]
 [-0.0130851   0.22119926]
 [-0.00231143  0.05876867]
 [ 0.1090629  -0.02821073]
 [-0.0150353   0.01373723]
 [ 0.09367871  0.05746677]
 [ 0.0174311   0.04381965]
 [ 0.00419355  0.05047477]
 [ 0.09863199 -0.01491124]
 [-0.04587078  0.05305268]
 [ 0.05184982  0.11079891]
 [-0.08856651  0.17896736]]
Min: (-0.24092851297328632,-0.5139946352031037)
Mean: (-0.018139254901438986,0.057272524775146126)
Max: (0.2727480912447904,0.5080978003726073)
====================================================================================================
Residual Errors
Residuals: [0.         0.07100799 0.20402224 0.28413204 0.3609946  0.26847754
 0.1743267  0.         0.11006599 0.23236727 0.18014965 0.14614415
 0.06731979 0.52311797 0.         0.11161245 0.25046047 0.27632953
 0.32105761 0.37543384 0.57667573 0.         0.05087966 0.18112307
 0.14572655 0.1741755  0.14152688 0.04504111 0.         0.03895435
 0.22822004 0.1890192  0.25724671 0.25357254 0.35220335 0.07272712
 0.15348807 0.08953296 0.18102676 0.03451822 0.14504392 0.25426367
 0.14610633 0.19075413 0.1481832  0.04729897 0.12846875 0.10347591
 0.09607554 0.22158595 0.05881411 0.1126524  0.02036595 0.10990055
 0.04715936 0.05064868 0.09975276 0.07013356 0.12233071 0.1996831 ]
Min: 0.0
Mean: 0.1582562530607237
Max: 0.5766757286561993
====================================================================================================
Relative Errors
Relative errors: [[ 0.          0.        ]
 [-0.00095901 -0.00428376]
 [-0.00063918 -0.01259668]
 [-0.00339459 -0.01723424]
 [-0.0004216  -0.02231312]
 [-0.00361295 -0.01619958]
 [-0.00485744  0.00962032]
 [ 0.          0.        ]
 [-0.00143727  0.00665088]
 [-0.00500663  0.01346451]
 [-0.00464903  0.0101203 ]
 [-0.00363679  0.00827051]
 [-0.00149562 -0.00388376]
 [ 0.00601349 -0.03177574]
 [ 0.          0.        ]
 [-0.00503225  0.00472086]
 [-0.01215605  0.00959047]
 [-0.01248058  0.01166466]
 [-0.01328856  0.01474324]
 [-0.00078852  0.02319635]
 [ 0.0168616   0.03141119]
 [ 0.          0.        ]
 [-0.00272142  0.00157723]
 [ 0.00228315  0.01096199]
 [ 0.0068811   0.00581483]
 [ 0.00695638  0.00821905]
 [ 0.00770072  0.00415333]
 [-0.00275499  0.00040428]
 [ 0.          0.        ]
 [-0.00221874  0.0009363 ]
 [-0.000184    0.01410762]
 [ 0.00248669  0.01141773]
 [ 0.00095193  0.01587477]
 [-0.00129473  0.01562259]
 [-0.01489448  0.01588222]
 [ 0.00283689 -0.00348809]
 [-0.00305378 -0.00898398]
 [-0.00159068 -0.00530154]
 [ 0.00206469 -0.01099917]
 [ 0.00175119 -0.00121947]
 [-0.00149321  0.00884158]
 [ 0.00089475  0.01569338]
 [-0.00125971  0.00894419]
 [-0.00453689  0.01088499]
 [-0.00912465 -0.00081365]
 [-0.00199431  0.00213844]
 [-0.00723436  0.0032773 ]
 [-0.00440551  0.00463822]
 [-0.00532953  0.00262179]
 [-0.00080894  0.01367479]
 [-0.0001429   0.00363315]
 [ 0.00674239 -0.00174402]
 [-0.0009295   0.00084925]
 [ 0.00579133  0.00355266]
 [ 0.00107761  0.00270898]
 [ 0.00025925  0.00312041]
 [ 0.00609754 -0.00092183]
 [-0.00283578  0.00327978]
 [ 0.00320542  0.00684972]
 [-0.00547528  0.01106397]]
Min: [-0.01489448 -0.03177574]
Mean: [-0.01489448 -0.03177574]
Max: [0.0168616  0.03141119]
====================================================================================================

====================================================================================================
====================================================================================================
Active Area 2

X,Y Reprojection Errors
Reprojection errors: [[ 0.         -0.        ]
 [ 0.01704263 -0.07764113]
 [-0.04986199  0.03790784]
 [-0.10879084 -0.00461541]
 [-0.08333531  0.03756906]
 [-0.0391085  -0.05783956]
 [-0.08796334 -0.23535785]
 [ 0.          0.        ]
 [-0.11352462  0.05316412]
 [-0.12659454 -0.03231708]
 [-0.05211955 -0.02817105]
 [-0.11207283 -0.12288845]
 [-0.20282777 -0.11392429]
 [ 0.00244863 -0.01379852]
 [-0.          0.        ]
 [-0.07974302 -0.05265875]
 [ 0.00343242  0.01791728]
 [ 0.04017966  0.06801079]
 [ 0.10026628  0.09672801]
 [ 0.07706398  0.11096086]
 [ 0.02330943  0.28379645]
 [ 0.          0.        ]
 [ 0.05266337  0.02057141]
 [ 0.07933554  0.05139554]
 [ 0.09639932 -0.05036747]
 [ 0.06064009  0.04840757]
 [ 0.06715054  0.12573137]
 [ 0.17370032 -0.10465313]
 [ 0.          0.        ]
 [ 0.02333841  0.05763088]
 [-0.00983155  0.16408061]
 [-0.03318926  0.11340031]
 [-0.0872808   0.23534284]
 [-0.11107649  0.35096608]
 [-0.04063611  0.16621491]
 [ 0.03041466 -0.08966318]
 [-0.07494112 -0.05589956]
 [-0.01555853 -0.03581185]
 [-0.02711493 -0.00175478]
 [-0.13132397 -0.06171435]
 [-0.0211447   0.12458909]
 [-0.02447978  0.06413409]
 [-0.04215734  0.02743369]
 [-0.04678189 -0.02119881]
 [-0.02637834  0.03057818]
 [-0.01975075 -0.00602259]
 [-0.11933958  0.10796683]
 [-0.06835255  0.09310508]
 [-0.02301712  0.09356334]
 [ 0.06815745  0.31288589]
 [ 0.03929362  0.01077212]
 [ 0.06998273 -0.08000353]
 [ 0.05850972 -0.0333537 ]
 [ 0.0672835  -0.03329656]
 [ 0.0813043  -0.04878996]
 [ 0.02723703  0.02600866]
 [ 0.02598377 -0.02439977]
 [ 0.00189767  0.03818988]
 [-0.00485915  0.05787384]
 [-0.04309993  0.1084261 ]]
Min: (-0.20282777132439325,-0.2353578463351882)
Mean: (-0.012320352090821456,0.029153022605371875)
Max: (0.1737003201923688,0.3509660841512835)
====================================================================================================
Residual Errors
Residuals: [0.         0.0794896  0.06263563 0.10888869 0.0914123  0.06982041
 0.25125856 0.         0.12535654 0.1306544  0.05924572 0.16631865
 0.23263243 0.0140141  0.         0.09556094 0.01824309 0.07899286
 0.13931847 0.13509688 0.28475209 0.         0.0565386  0.09452846
 0.10876447 0.07759197 0.14253972 0.20279073 0.         0.06217716
 0.16437489 0.11815734 0.25100636 0.36812386 0.17111017 0.09468124
 0.09349296 0.03904557 0.02717166 0.14510219 0.12637064 0.06864722
 0.05029761 0.05136083 0.04038368 0.02064857 0.16093095 0.11550163
 0.09635293 0.32022338 0.04074343 0.10629275 0.06734877 0.0750715
 0.09482009 0.03766041 0.03564414 0.038237   0.05807747 0.11667829]
Min: 0.0
Mean: 0.10136966698765712
Max: 0.36812386398393737
====================================================================================================
Relative Errors
Relative errors: [[ 0.          0.        ]
 [ 0.00105359 -0.00479986]
 [-0.00308252  0.00234351]
 [-0.00672557 -0.00028533]
 [-0.00515188  0.00232256]
 [-0.00241773 -0.00357571]
 [-0.00543799 -0.01455009]
 [ 0.          0.        ]
 [-0.00701822  0.00328667]
 [-0.00782622 -0.00199788]
 [-0.00322209 -0.00174157]
 [-0.00692847 -0.0075971 ]
 [-0.01253904 -0.00704293]
 [ 0.00015138 -0.00085304]
 [ 0.          0.        ]
 [-0.0049298  -0.00325542]
 [ 0.0002122   0.00110767]
 [ 0.00248395  0.0042045 ]
 [ 0.00619858  0.00597984]
 [ 0.00476418  0.00685973]
 [ 0.00144102  0.01754462]
 [ 0.          0.        ]
 [ 0.00325571  0.00127175]
 [ 0.00490461  0.00317733]
 [ 0.00595952 -0.00311377]
 [ 0.00374884  0.00299261]
 [ 0.00415132  0.00777286]
 [ 0.01073835 -0.00646978]
 [ 0.          0.        ]
 [ 0.00144281  0.00356281]
 [-0.0006078   0.01014365]
 [-0.0020518   0.00701054]
 [-0.0053958   0.01454916]
 [-0.00686688  0.02169712]
 [-0.00251217  0.0102756 ]
 [ 0.00188027 -0.00554308]
 [-0.00463295 -0.00345577]
 [-0.00096185 -0.00221393]
 [-0.00167628 -0.00010848]
 [-0.0081186  -0.00381525]
 [-0.00130719  0.00770224]
 [-0.00151337  0.00396484]
 [-0.00260622  0.00169598]
 [-0.00289211 -0.00131053]
 [-0.00163074  0.00189038]
 [-0.00122101 -0.00037232]
 [-0.00737771  0.00667463]
 [-0.00422563  0.00575586]
 [-0.00142294  0.00578419]
 [ 0.00421357  0.01934296]
 [ 0.00242918  0.00066595]
 [ 0.00432641 -0.00494591]
 [ 0.00361714 -0.00206196]
 [ 0.00415954 -0.00205843]
 [ 0.00502632 -0.00301625]
 [ 0.00168382  0.00160788]
 [ 0.00160635 -0.00150842]
 [ 0.00011732  0.00236094]
 [-0.0003004   0.00357783]
 [-0.00266449  0.00670303]]
Min: [-0.01253904 -0.01455009]
Mean: [-0.01253904 -0.01455009]
Max: [0.01073835 0.02169712]
====================================================================================================

====================================================================================================
====================================================================================================
Active Area 3

X,Y Reprojection Errors
Reprojection errors: [[ 0.00000000e+00 -0.00000000e+00]
 [ 6.00090974e-02 -2.50832635e-01]
 [-2.15617410e-02 -3.48649648e-01]
 [-5.54072268e-02 -2.22551409e-01]
 [-4.82782024e-02 -1.76100234e-01]
 [ 4.40114129e-02 -3.20616230e-02]
 [-8.42225364e-02  6.32820857e-02]
 [ 0.00000000e+00  0.00000000e+00]
 [-8.75070020e-02  2.29186039e-01]
 [-7.86352814e-02  1.24707312e-01]
 [-2.56276345e-02 -1.98756465e-02]
 [-1.78372566e-02 -6.67478984e-02]
 [-8.45183968e-02 -1.73007270e-01]
 [ 1.42899489e-01 -2.88655131e-01]
 [-0.00000000e+00  0.00000000e+00]
 [-2.57922740e-01 -3.92884874e-02]
 [-3.55742589e-01  3.46269814e-02]
 [-2.35089873e-01  3.48910038e-02]
 [-1.02337736e-01  1.10956447e-01]
 [ 5.68096679e-02  1.69137696e-01]
 [ 1.87703367e-01  3.33829474e-01]
 [ 0.00000000e+00  0.00000000e+00]
 [ 1.78605887e-01  4.84926291e-02]
 [ 2.40341783e-02  8.96966715e-02]
 [-3.38961539e-02  4.50509908e-02]
 [ 5.01295208e-02  4.29664468e-02]
 [ 1.45229643e-01  6.82223482e-02]
 [ 9.28112327e-02  2.87905360e-02]
 [ 0.00000000e+00  0.00000000e+00]
 [ 1.71767548e-01  4.90753382e-02]
 [-4.51799367e-02  9.55945511e-02]
 [-1.53781423e-01  5.52666654e-02]
 [-1.24858111e-01  5.78775091e-02]
 [-1.07231070e-01  8.97350538e-02]
 [-2.06517304e-01  5.42969469e-02]
 [ 2.27576028e-02 -1.57482672e-01]
 [-3.13120267e-02 -3.25269102e-01]
 [ 1.91060504e-02 -3.98089548e-01]
 [ 3.52372213e-02 -4.11219402e-01]
 [-2.77500372e-02 -7.39462046e-02]
 [-1.30636805e-02  1.77402645e-01]
 [-8.50476824e-02  2.21204567e-01]
 [-1.03658624e-01  2.10331970e-01]
 [-7.24943803e-02  1.81141260e-01]
 [-1.03737719e-01 -1.64304762e-01]
 [-1.18826541e-01 -1.03165333e-02]
 [-3.75179560e-01  4.81326826e-02]
 [-3.39235295e-01 -2.28938521e-03]
 [-3.63370513e-01  6.77197307e-02]
 [ 7.80275095e-02  1.68331204e-01]
 [ 1.41217716e-01  2.06412645e-02]
 [ 1.17160366e-01  3.06725884e-04]
 [ 1.70413590e-01  2.98803508e-02]
 [ 1.36635128e-01  2.47532401e-02]
 [ 5.69840859e-02  1.58407350e-01]
 [ 1.36065044e-01  2.10803344e-02]
 [ 7.94841249e-02  3.51719723e-03]
 [ 1.09233544e-01  3.50936305e-02]
 [ 4.18714138e-02  3.28282545e-02]
 [-1.25006279e-01  1.73915129e-01]]
Min: (-0.3751795601420591,-0.41121940244979305)
Mean: (-0.02644383516835411,0.003994711178449047)
Max: (0.187703366956546,0.33382947412979763)
====================================================================================================
Residual Errors
Residuals: [0.         0.25791104 0.34931574 0.22934492 0.18259813 0.05445137
 0.10534732 0.         0.2453237  0.14742938 0.03243173 0.06909016
 0.19254837 0.32209013 0.         0.26089792 0.35742386 0.23766495
 0.15094484 0.17842337 0.38298129 0.         0.18507187 0.09286083
 0.05637855 0.06602336 0.16045541 0.09717417 0.         0.17864064
 0.10573337 0.16341092 0.13762033 0.13982447 0.21353584 0.15911851
 0.32677275 0.39854778 0.41272637 0.07898168 0.17788299 0.23699065
 0.23448806 0.19510918 0.19431307 0.11927354 0.37825449 0.33924302
 0.36962696 0.18553621 0.14271827 0.11716077 0.17301337 0.13885921
 0.16834511 0.13768833 0.07956191 0.11473243 0.05320629 0.21417993]
Min: 0.0
Mean: 0.17498798105087102
Max: 0.4127263726950264
====================================================================================================
Relative Errors
Relative errors: [[ 0.00000000e+00  0.00000000e+00]
 [ 3.70983105e-03 -1.55067604e-02]
 [-1.33297149e-03 -2.15539201e-02]
 [-3.42533815e-03 -1.37583827e-02]
 [-2.98461370e-03 -1.08867179e-02]
 [ 2.72083589e-03 -1.98208621e-03]
 [-5.20673355e-03  3.91217093e-03]
 [ 0.00000000e+00  0.00000000e+00]
 [-5.40978297e-03  1.41685431e-02]
 [-4.86132305e-03  7.70954868e-03]
 [-1.58432968e-03 -1.22873521e-03]
 [-1.10271961e-03 -4.12643144e-03]
 [-5.22502397e-03 -1.06955073e-02]
 [ 8.83420985e-03 -1.78449904e-02]
 [ 0.00000000e+00  0.00000000e+00]
 [-1.59450788e-02 -2.42885924e-03]
 [-2.19924138e-02  2.14067960e-03]
 [-1.45335249e-02  2.15700177e-03]
 [-6.32663589e-03  6.85945446e-03]
 [ 3.51203865e-03  1.04562859e-02]
 [ 1.16040369e-02  2.06377200e-02]
 [ 0.00000000e+00  0.00000000e+00]
 [ 1.10416202e-02  2.99786980e-03]
 [ 1.48582040e-03  5.54515084e-03]
 [-2.09549901e-03  2.78510379e-03]
 [ 3.09906432e-03  2.65623489e-03]
 [ 8.97826267e-03  4.21758361e-03]
 [ 5.73769657e-03  1.77986387e-03]
 [ 0.00000000e+00  0.00000000e+00]
 [ 1.06188663e-02  3.03389355e-03]
 [-2.79307537e-03  5.90976450e-03]
 [-9.50694348e-03  3.41664848e-03]
 [-7.71887124e-03  3.57805382e-03]
 [-6.62914739e-03  5.54752368e-03]
 [-1.27671360e-02  3.35669937e-03]
 [ 1.40690104e-03 -9.73575893e-03]
 [-1.93574531e-03 -2.01085080e-02]
 [ 1.18115789e-03 -2.46103512e-02]
 [ 2.17840533e-03 -2.54220539e-02]
 [-1.71553905e-03 -4.57143896e-03]
 [-8.07611672e-04  1.09672345e-02]
 [-5.25774501e-03  1.36751194e-02]
 [-6.40829474e-03  1.30029630e-02]
 [-4.48168552e-03  1.11983599e-02]
 [-6.41318447e-03 -1.01575083e-02]
 [-7.34599267e-03 -6.37779891e-04]
 [-2.31940296e-02  2.97561750e-03]
 [-2.09719140e-02 -1.41532412e-04]
 [-2.24639808e-02  4.18651122e-03]
 [ 4.82374990e-03  1.04064276e-02]
 [ 8.73024075e-03  1.27606658e-03]
 [ 7.24298786e-03  1.89621451e-05]
 [ 1.05351631e-02  1.84723747e-03]
 [ 8.44693994e-03  1.53027362e-03]
 [ 3.52282138e-03  9.79292356e-03]
 [ 8.41169667e-03  1.30321039e-03]
 [ 4.91379953e-03  2.17437156e-04]
 [ 6.75294266e-03  2.16952838e-03]
 [ 2.58853870e-03  2.02948025e-03]
 [-7.72803114e-03  1.07516322e-02]]
Min: [-0.02319403 -0.02542205]
Mean: [-0.02319403 -0.02542205]
Max: [0.01160404 0.02063772]
====================================================================================================

====================================================================================================
====================================================================================================
Active Area 4

X,Y Reprojection Errors
Reprojection errors: [[ 0.00000000e+00 -0.00000000e+00]
 [ 6.32462799e-02 -2.97973725e-01]
 [ 4.36879636e-02 -5.12839774e-01]
 [ 6.57123414e-02 -4.51462741e-01]
 [ 9.22978548e-02 -3.95774546e-01]
 [ 1.17447310e-01 -5.57787558e-02]
 [ 2.35424291e-01  7.88007468e-02]
 [ 0.00000000e+00  0.00000000e+00]
 [-7.38285527e-02  2.75825668e-01]
 [-4.18916185e-02  3.41648374e-01]
 [ 5.33912010e-02  2.68122208e-01]
 [ 1.52439455e-01  1.70375498e-01]
 [ 1.49353424e-01 -2.73700311e-01]
 [ 2.95685696e-01 -6.78124032e-01]
 [-0.00000000e+00  0.00000000e+00]
 [-3.14247114e-01 -2.69449706e-02]
 [-6.04142669e-01  3.70360900e-02]
 [-5.57682631e-01  4.23364700e-02]
 [-5.15529680e-01  1.16101273e-01]
 [-1.76867088e-01  3.47930092e-01]
 [ 2.15431220e-02  6.53848173e-01]
 [ 0.00000000e+00  0.00000000e+00]
 [ 1.99998358e-01  3.26788435e-02]
 [ 4.01428479e-01  7.95695273e-02]
 [ 4.86817836e-01  3.91309091e-02]
 [ 3.95500794e-01 -3.64780782e-02]
 [-1.02496713e-01  6.78776276e-02]
 [-2.99093454e-01  4.05008310e-02]
 [ 0.00000000e+00  0.00000000e+00]
 [ 2.61812404e-01  2.92857905e-02]
 [ 3.41411003e-01  8.28639642e-02]
 [ 3.38861589e-01  4.72524191e-02]
 [ 1.32285791e-01 -2.20298658e-02]
 [-5.43869542e-01  9.21051537e-02]
 [-8.41759272e-01  7.02884605e-02]
 [ 1.95126342e-02 -1.75805296e-01]
 [-5.42506308e-03 -3.95180333e-01]
 [ 5.64373264e-02 -4.81210534e-01]
 [ 1.25832642e-01 -5.27130430e-01]
 [ 2.05785614e-01 -3.43632414e-01]
 [-6.36364699e-03  1.91949459e-01]
 [-5.23013546e-02  3.11741670e-01]
 [-5.19593541e-02  3.31602333e-01]
 [ 9.98752390e-03  3.41820422e-01]
 [-8.85985795e-02 -2.22604154e-01]
 [-1.46435179e-01 -4.01766696e-03]
 [-4.64820270e-01  4.61876202e-02]
 [-4.73105054e-01  6.51334761e-03]
 [-5.00227651e-01  6.64535160e-02]
 [-3.89605104e-01  1.61407714e-01]
 [ 1.64615490e-01  1.42708451e-02]
 [ 3.15354907e-01  2.54379426e-04]
 [ 4.33189088e-01  2.43375707e-02]
 [ 5.19919501e-01  2.20038703e-02]
 [-3.03010654e-02  3.76087920e-01]
 [ 1.65531653e-01  1.42205557e-02]
 [ 2.66652149e-01  2.92773689e-03]
 [ 3.37917735e-01  2.95671386e-02]
 [ 3.54997029e-01  3.10566784e-02]
 [-4.54415318e-01  3.99368101e-01]]
Min: (-0.8417592722906297,-0.6781240317866466)
Mean: (0.0014852085083185732,0.006411022847371903)
Max: (0.5199195014496597,0.6538481733440675)
====================================================================================================
Residual Errors
Residuals: [0.         0.30461194 0.51469726 0.45622003 0.40639437 0.13001977
 0.24826227 0.         0.28553538 0.34420709 0.27338643 0.22861671
 0.3117985  0.73978526 0.         0.31540019 0.60527683 0.55928731
 0.52844144 0.39030413 0.65420298 0.         0.20265056 0.40923848
 0.48838799 0.39717947 0.12293473 0.30182315 0.         0.26344524
 0.35132308 0.34214027 0.13410759 0.55161349 0.84468878 0.17688484
 0.39521757 0.48450877 0.54194127 0.40053833 0.19205492 0.31609856
 0.33564845 0.3419663  0.23958781 0.14649028 0.46710939 0.47314989
 0.50462241 0.42171624 0.16523292 0.31535501 0.43387222 0.52038491
 0.37730661 0.16614136 0.26666822 0.3392088  0.35635293 0.60496955]
Min: 0.0
Mean: 0.34481680467188164
Max: 0.8446887830210994
====================================================================================================
Relative Errors
Relative errors: [[ 0.00000000e+00  0.00000000e+00]
 [ 3.90995737e-03 -1.84210765e-02]
 [ 2.70083989e-03 -3.17043415e-02]
 [ 4.06241211e-03 -2.79099431e-02]
 [ 5.70595897e-03 -2.44672352e-02]
 [ 7.26072703e-03 -3.44830649e-03]
 [ 1.45541990e-02  4.87155231e-03]
 [ 0.00000000e+00  0.00000000e+00]
 [-4.56416559e-03  1.70518583e-02]
 [-2.58978778e-03  2.11210933e-02]
 [ 3.30070512e-03  1.65756216e-02]
 [ 9.42398150e-03  1.05328082e-02]
 [ 9.23319954e-03 -1.69204663e-02]
 [ 1.82796280e-02 -4.19224034e-02]
 [ 0.00000000e+00  0.00000000e+00]
 [-1.94271161e-02 -1.66576891e-03]
 [-3.73487909e-02  2.28961345e-03]
 [-3.44765782e-02  2.61728900e-03]
 [-3.18706346e-02  7.17751350e-03]
 [-1.09341257e-02  2.15094363e-02]
 [ 1.33182045e-03  4.04216420e-02]
 [ 0.00000000e+00  0.00000000e+00]
 [ 1.23641273e-02  2.02024349e-03]
 [ 2.48167678e-02  4.91907920e-03]
 [ 3.00956355e-02  2.41911756e-03]
 [ 2.44503115e-02 -2.25511652e-03]
 [-6.33646406e-03  4.19627259e-03]
 [-1.84902995e-02  2.50380770e-03]
 [ 0.00000000e+00  0.00000000e+00]
 [ 1.61855423e-02  1.81048107e-03]
 [ 2.11064188e-02  5.12274506e-03]
 [ 2.09488111e-02  2.92119860e-03]
 [ 8.17805890e-03 -1.36191151e-03]
 [-3.36226372e-02  5.69404597e-03]
 [-5.20385211e-02  4.34531303e-03]
 [ 1.20629337e-03 -1.08684845e-02]
 [-3.35383606e-04 -2.44305002e-02]
 [ 3.48902008e-03 -2.97489857e-02]
 [ 7.77911789e-03 -3.25878062e-02]
 [ 1.27219020e-02 -2.12437490e-02]
 [-3.93407937e-04  1.18665351e-02]
 [-3.23332957e-03  1.92722267e-02]
 [-3.21218671e-03  2.05000355e-02]
 [ 6.17440153e-04  2.11317295e-02]
 [-5.47726553e-03 -1.37616435e-02]
 [-9.05279029e-03 -2.48376768e-04]
 [-2.87357208e-02  2.85537152e-03]
 [-2.92478956e-02  4.02662600e-04]
 [-3.09246456e-02  4.10823238e-03]
 [-2.40858332e-02  9.97840952e-03]
 [ 1.01767179e-02  8.82239969e-04]
 [ 1.94956011e-02  1.57260271e-05]
 [ 2.67802450e-02  1.50457646e-03]
 [ 3.21420183e-02  1.36030443e-03]
 [-1.87324653e-03  2.32501855e-02]
 [ 1.02333562e-02  8.79131021e-04]
 [ 1.64847409e-02  1.80996044e-04]
 [ 2.08904609e-02  1.82787433e-03]
 [ 2.19463224e-02  1.91995939e-03]
 [-2.80924748e-02  2.46893928e-02]]
Min: [-0.05203852 -0.0419224 ]
Mean: [-0.05203852 -0.0419224 ]
Max: [0.03214202 0.04042164]
====================================================================================================

====================================================================================================
====================================================================================================
