Needle Calibration logActive Area 1

X,Y Reprojection Errors
Reprojection errors: [[ 0.         -0.        ]
 [-0.01330389 -0.0703324 ]
 [-0.00259919 -0.20829495]
 [-0.04803171 -0.27980011]
 [-0.00278396 -0.35520429]
 [-0.05185888 -0.25559495]
 [-0.06636845  0.16000353]
 [ 0.          0.        ]
 [-0.02387172  0.10647676]
 [-0.09427268  0.23194191]
 [-0.09673394  0.1886264 ]
 [-0.08715635  0.16663312]
 [-0.06498602 -0.01502377]
 [ 0.03954322 -0.44648848]
 [-0.          0.        ]
 [-0.08019613  0.07252108]
 [-0.20079888  0.15501652]
 [-0.20877808  0.19101133]
 [-0.2255075   0.24434776]
 [-0.0292387   0.38650603]
 [ 0.25115525  0.52243916]
 [ 0.          0.        ]
 [-0.04125055  0.02416916]
 [ 0.03963904  0.18259643]
 [ 0.1107208   0.10602298]
 [ 0.11120624  0.14909247]
 [ 0.11946454  0.09291606]
 [-0.05280464  0.04240787]
 [ 0.          0.        ]
 [-0.03411312  0.01531385]
 [ 0.00460915  0.22605754]
 [ 0.04832657  0.18343465]
 [ 0.02595169  0.25486664]
 [-0.00825769  0.2513793 ]
 [-0.22516771  0.2562564 ]]
Min: (-0.22550749656456537,-0.44648848059527424)
Mean: (-0.025927522466302075,0.07369422799698067)
Max: (0.2511552487430455,0.5224391567916868)
====================================================================================================
Residual Errors
Residuals: [0.         0.07157961 0.20831117 0.28389284 0.3552152  0.26080284
 0.17322211 0.         0.10911993 0.2503685  0.21198437 0.18805006
 0.06670005 0.44823613 0.         0.10812366 0.25367363 0.28297281
 0.33250482 0.38761038 0.57967373 0.         0.04780958 0.18684943
 0.15329699 0.18599837 0.15134454 0.06772561 0.         0.03739277
 0.22610452 0.18969378 0.25618449 0.2515149  0.34112731]
Min: 0.0
Mean: 0.19048811791556908
Max: 0.579673728506295
====================================================================================================
Relative Errors
Relative errors: [[ 0.          0.        ]
 [-0.00094907 -0.00501735]
 [-0.00018542 -0.01485927]
 [-0.00342647 -0.01996028]
 [-0.0001986  -0.02533944]
 [-0.00369949 -0.01823354]
 [-0.00473457  0.01141427]
 [ 0.          0.        ]
 [-0.00170295  0.0075958 ]
 [-0.00672519  0.01654619]
 [-0.00690077  0.01345616]
 [-0.00621753  0.01188721]
 [-0.00463595 -0.00107176]
 [ 0.00282092 -0.03185143]
 [ 0.          0.        ]
 [-0.005721    0.00517348]
 [-0.01432452  0.01105851]
 [-0.01489373  0.0136263 ]
 [-0.01608717  0.01743119]
 [-0.00208582  0.02757243]
 [ 0.01791682  0.03726958]
 [ 0.          0.        ]
 [-0.00294272  0.00172417]
 [ 0.00282776  0.013026  ]
 [ 0.00789856  0.00756343]
 [ 0.00793319  0.0106359 ]
 [ 0.00852232  0.00662841]
 [-0.00376696  0.00302528]
 [ 0.          0.        ]
 [-0.00243355  0.00109245]
 [ 0.00032881  0.01612641]
 [ 0.0034475   0.01308579]
 [ 0.00185133  0.01818158]
 [-0.00058908  0.01793281]
 [-0.01606293  0.01828073]]
Min: [-0.01608717 -0.03185143]
Mean: [-0.01608717 -0.03185143]
Max: [0.01791682 0.03726958]
====================================================================================================

====================================================================================================
====================================================================================================
Active Area 2

X,Y Reprojection Errors
Reprojection errors: [[ 0.         -0.        ]
 [ 0.01428361 -0.07789147]
 [-0.06077523  0.03744934]
 [-0.12240568 -0.00362423]
 [-0.10121338  0.04243539]
 [-0.06198854 -0.04711798]
 [-0.11605782 -0.21882478]
 [ 0.          0.        ]
 [-0.11084704  0.05422845]
 [-0.11738351 -0.02332886]
 [-0.04088444 -0.01513263]
 [-0.09726584 -0.10791105]
 [-0.1839377  -0.09643637]
 [ 0.02529336  0.00913439]
 [-0.          0.        ]
 [-0.08033483 -0.04457388]
 [ 0.00041014  0.04473072]
 [ 0.03600036  0.10231199]
 [ 0.09517659  0.13868687]
 [ 0.07129405  0.16053464]
 [ 0.01553653  0.34294385]
 [ 0.          0.        ]
 [ 0.05236971  0.01868018]
 [ 0.07867362  0.04373668]
 [ 0.09596426 -0.05779987]
 [ 0.05970415  0.03670861]
 [ 0.06576681  0.10930178]
 [ 0.17378605 -0.12501605]
 [ 0.          0.        ]
 [ 0.02342428  0.05192861]
 [-0.00933944  0.14483367]
 [-0.03194713  0.08912669]
 [-0.08630229  0.2044202 ]
 [-0.11015354  0.31137426]
 [-0.03777636  0.117997  ]]
Min: (-0.1839376956391429,-0.21882477837460845)
Mean: (-0.016026549941681154,0.03551160483430774)
Max: (0.1737860539195606,0.3429438457865877)
====================================================================================================
Residual Errors
Residuals: [0.         0.0791903  0.07138685 0.12245932 0.10974931 0.07786324
 0.24769679 0.         0.12340093 0.11967926 0.04359511 0.14527711
 0.20768498 0.02689221 0.         0.09187228 0.0447326  0.10846092
 0.16820413 0.17565367 0.34329559 0.         0.05560158 0.09001353
 0.11202662 0.07008643 0.12756235 0.21408084 0.         0.05696733
 0.14513448 0.09467938 0.2218912  0.33028432 0.12389651]
Min: 0.0
Mean: 0.11283769011212945
Max: 0.3432955945462591
====================================================================================================
Relative Errors
Relative errors: [[ 0.00000000e+00  0.00000000e+00]
 [ 1.01895931e-03 -5.55659353e-03]
 [-4.33556158e-03  2.67154768e-03]
 [-8.73213171e-03 -2.58543767e-04]
 [-7.22032337e-03  3.02724062e-03]
 [-4.42211626e-03 -3.36128526e-03]
 [-8.27929037e-03 -1.56104427e-02]
 [ 0.00000000e+00  0.00000000e+00]
 [-7.90756563e-03  3.86852932e-03]
 [-8.37386240e-03 -1.66422584e-03]
 [-2.91659942e-03 -1.07952583e-03]
 [-6.93871537e-03 -7.69811908e-03]
 [-1.31216807e-02 -6.87954270e-03]
 [ 1.80436833e-03  6.51626086e-04]
 [ 0.00000000e+00  0.00000000e+00]
 [-5.73089674e-03 -3.17979543e-03]
 [ 2.92581557e-05  3.19098399e-03]
 [ 2.56818069e-03  7.29869600e-03]
 [ 6.78967278e-03  9.89359341e-03]
 [ 5.08594906e-03  1.14521620e-02]
 [ 1.10833959e-03  2.44648038e-02]
 [ 0.00000000e+00  0.00000000e+00]
 [ 3.73593130e-03  1.33260010e-03]
 [ 5.61238995e-03  3.12007137e-03]
 [ 6.84586374e-03 -4.12330614e-03]
 [ 4.25915288e-03  2.61870516e-03]
 [ 4.69164883e-03  7.79733099e-03]
 [ 1.23974865e-02 -8.91834945e-03]
 [ 0.00000000e+00  0.00000000e+00]
 [ 1.67103277e-03  3.70446419e-03]
 [-6.66253932e-04  1.03320916e-02]
 [-2.27903260e-03  6.35808731e-03]
 [-6.15660174e-03  1.45828545e-02]
 [-7.85809330e-03  2.22127041e-02]
 [-2.69487619e-03  8.41762739e-03]]
Min: [-0.01312168 -0.01561044]
Mean: [-0.01312168 -0.01561044]
Max: [0.01239749 0.0244648 ]
====================================================================================================

====================================================================================================
====================================================================================================
Active Area 3

X,Y Reprojection Errors
Reprojection errors: [[ 0.         -0.        ]
 [ 0.06019514 -0.2527121 ]
 [-0.01897202 -0.35678872]
 [-0.05220477 -0.23420445]
 [-0.04569682 -0.19190445]
 [ 0.04571722 -0.05444566]
 [-0.08226454  0.03483543]
 [ 0.          0.        ]
 [-0.08849617  0.23103181]
 [-0.08594778  0.13319721]
 [-0.0375968  -0.00907091]
 [-0.03406775 -0.0533778 ]
 [-0.10527191 -0.15510814]
 [ 0.1177129  -0.26611458]
 [-0.          0.        ]
 [-0.25983577 -0.04019366]
 [-0.36229483  0.02931384]
 [-0.24488045  0.02729912]
 [-0.11550179  0.10022835]
 [ 0.03993299  0.15475223]
 [ 0.16798473  0.31512452]
 [ 0.          0.        ]
 [ 0.1793946   0.04916377]
 [ 0.02570169  0.09335462]
 [-0.0334766   0.0497301 ]
 [ 0.04906173  0.04818349]
 [ 0.14220938  0.0740848 ]
 [ 0.08997956  0.03703816]
 [ 0.          0.        ]
 [ 0.17292409  0.04987567]
 [-0.03978943  0.10056005]
 [-0.14691329  0.06221058]
 [-0.11651339  0.06640032]
 [-0.09667157  0.10036685]
 [-0.19324822  0.06819932]]
Min: (-0.3622948276296962,-0.35678872428836894)
Mean: (-0.030537996463370718,0.006029422013878305)
Max: (0.17939459781116757,0.3151245162538483)
====================================================================================================
Residual Errors
Residuals: [0.         0.25978234 0.35729278 0.23995221 0.19727016 0.07109426
 0.08933623 0.         0.24740103 0.15851977 0.03867559 0.06332299
 0.18745856 0.29098676 0.         0.26292614 0.36347881 0.2463974
 0.15292608 0.15982145 0.35710269 0.         0.1860094  0.096828
 0.05994802 0.06876556 0.16034982 0.0973044  0.         0.17997312
 0.10814584 0.15954207 0.13410582 0.13935171 0.20492931]
Min: 0.0
Mean: 0.15254280898961384
Max: 0.3634788075531752
====================================================================================================
Relative Errors
Relative errors: [[ 0.          0.        ]
 [ 0.00429418 -0.01802788]
 [-0.00135342 -0.02545246]
 [-0.00372417 -0.01670759]
 [-0.0032599  -0.01369001]
 [ 0.00326136 -0.00388402]
 [-0.00586856  0.00248508]
 [ 0.          0.        ]
 [-0.00631311  0.01648126]
 [-0.00613131  0.00950197]
 [-0.00268207 -0.0006471 ]
 [-0.00243031 -0.00380785]
 [-0.00750985 -0.01106505]
 [ 0.00839736 -0.01898399]
 [ 0.          0.        ]
 [-0.01853607 -0.00286732]
 [-0.02584526  0.00209118]
 [-0.01746919  0.00194745]
 [-0.00823962  0.00715005]
 [ 0.00284873  0.01103966]
 [ 0.01198363  0.02248024]
 [ 0.          0.        ]
 [ 0.01279759  0.00350723]
 [ 0.0018335   0.0066597 ]
 [-0.00238814  0.00354763]
 [ 0.00349995  0.0034373 ]
 [ 0.01014488  0.00528503]
 [ 0.00641893  0.00264222]
 [ 0.          0.        ]
 [ 0.012336    0.00355801]
 [-0.00283848  0.00717372]
 [-0.01048045  0.00443796]
 [-0.00831179  0.00473684]
 [-0.00689632  0.00715993]
 [-0.01378587  0.00486518]]
Min: [-0.02584526 -0.02545246]
Mean: [-0.02584526 -0.02545246]
Max: [0.01279759 0.02248024]
====================================================================================================

====================================================================================================
====================================================================================================
Active Area 4

X,Y Reprojection Errors
Reprojection errors: [[ 0.         -0.        ]
 [ 0.06424681 -0.30164374]
 [ 0.0517558  -0.52716064]
 [ 0.07707239 -0.47198754]
 [ 0.10741729 -0.42390077]
 [ 0.14016243 -0.09747041]
 [ 0.26418587  0.02322557]
 [ 0.          0.        ]
 [-0.07497484  0.27992163]
 [-0.05191073  0.35768917]
 [ 0.03832434  0.2879967 ]
 [ 0.13120701  0.19548681]
 [ 0.11857637 -0.2347196 ]
 [ 0.25373863 -0.62713503]
 [-0.          0.        ]
 [-0.31620933 -0.03005394]
 [-0.61317952  0.01815482]
 [-0.57092477  0.0150898 ]
 [-0.53331457  0.07788365]
 [-0.20251333  0.28765417]
 [-0.01076008  0.57149368]
 [ 0.          0.        ]
 [ 0.20316111  0.03788357]
 [ 0.41256375  0.10030811]
 [ 0.50012801  0.06590677]
 [ 0.41307993  0.00175133]
 [-0.07400931  0.12626769]
 [-0.26227916  0.11717078]
 [ 0.          0.        ]
 [ 0.26417561  0.03326792]
 [ 0.35332258  0.10478961]
 [ 0.35408554  0.07695467]
 [ 0.15326954  0.02140559]
 [-0.5096731   0.15922499]
 [-0.79792575  0.15769163]]
Min: (-0.797925746678728,-0.6271350264845088)
Mean: (-0.003348613267394285,0.011518485662772585)
Max: (0.5001280142189977,0.5714936811520921)
====================================================================================================
Residual Errors
Residuals: [0.         0.30840979 0.5296952  0.47823885 0.43729891 0.17072196
 0.26520482 0.         0.28978845 0.36143639 0.29053546 0.23543656
 0.26297081 0.67652172 0.         0.31763435 0.61344822 0.57112415
 0.53897151 0.35179052 0.57159497 0.         0.20666302 0.42458281
 0.50445191 0.41308364 0.14635883 0.28726182 0.         0.2662621
 0.36853454 0.36235147 0.15475707 0.5339656  0.81335856]
Min: 0.0
Mean: 0.3357844005658766
Max: 0.8133585602028277
====================================================================================================
Relative Errors
Relative errors: [[ 0.          0.        ]
 [ 0.00458322 -0.02151855]
 [ 0.00369214 -0.03760639]
 [ 0.00549816 -0.03367048]
 [ 0.0076629  -0.03024008]
 [ 0.00999886 -0.00695331]
 [ 0.0188464   0.00165686]
 [ 0.          0.        ]
 [-0.00534853  0.01996895]
 [-0.00370319  0.0255167 ]
 [ 0.00273397  0.020545  ]
 [ 0.00936     0.01394557]
 [ 0.00845896 -0.01674434]
 [ 0.01810111 -0.04473833]
 [ 0.          0.        ]
 [-0.02255763 -0.00214398]
 [-0.04374278  0.00129512]
 [-0.04072842  0.00107647]
 [-0.0380454   0.00555604]
 [-0.01444682  0.02052057]
 [-0.0007676   0.04076901]
 [ 0.          0.        ]
 [ 0.01449303  0.00270252]
 [ 0.02943132  0.00715574]
 [ 0.03567795  0.00470163]
 [ 0.02946815  0.00012494]
 [-0.00527965  0.00900764]
 [-0.01871038  0.00835869]
 [ 0.          0.        ]
 [ 0.01884566  0.00237325]
 [ 0.0252052   0.00747544]
 [ 0.02525963  0.00548976]
 [ 0.01093389  0.00152702]
 [-0.03635887  0.01135873]
 [-0.05692214  0.01124935]]
Min: [-0.05692214 -0.04473833]
Mean: [-0.05692214 -0.04473833]
Max: [0.03567795 0.04076901]
====================================================================================================

====================================================================================================
====================================================================================================
