Needle Calibration logActive Area 1

X,Y Reprojection Errors
Reprojection errors: [[ 0.         -0.        ]
 [-0.01070824 -0.06953319]
 [ 0.00832264 -0.35193658]
 [-0.04356983  0.16695384]
 [ 0.          0.        ]
 [-0.02577028  0.10606634]
 [-0.1041473   0.16294541]
 [ 0.00537806 -0.4552049 ]
 [-0.          0.        ]
 [-0.08153046  0.06948006]
 [-0.2372432   0.22707302]
 [ 0.22911843  0.49018335]
 [ 0.          0.        ]
 [-0.03800905  0.02840809]
 [ 0.1227005   0.16739983]
 [-0.03564042  0.07295776]
 [ 0.          0.        ]
 [-0.03116795  0.01945182]
 [ 0.04098555  0.27437996]
 [-0.20084731  0.28924444]
 [ 0.048559   -0.05822837]
 [-0.04026963 -0.14760487]
 [-0.01533877 -0.08666164]
 [-0.02363018  0.14134601]
 [ 0.00546162  0.2581225 ]
 [-0.03540983  0.15341741]
 [-0.03282261  0.03159713]
 [-0.12344174  0.04903553]
 [-0.08134841  0.07145196]
 [ 0.00174883  0.05906156]
 [ 0.11289933 -0.02032233]
 [-0.01024762  0.02719497]
 [ 0.00722165  0.05189662]
 [ 0.10412352 -0.00883316]
 [-0.03619034  0.06115883]]
Min: (-0.2372431976497782,-0.4552048969568263)
Mean: (-0.014880401472956665,0.05087146904749795)
Max: (0.2291184274338205,0.49018334692098264)
====================================================================================================
Residual Errors
Residuals: [0.         0.07035291 0.35203498 0.1725454  0.         0.10915208
 0.19338528 0.45523667 0.         0.10712    0.3283999  0.54108684
 0.         0.04745216 0.20755268 0.08119775 0.         0.03673982
 0.27742418 0.35213917 0.07581899 0.15299948 0.08800862 0.14330765
 0.25818027 0.15745081 0.04555988 0.13282449 0.10827256 0.05908745
 0.1147138  0.02906166 0.05239668 0.10449752 0.07106436]
Min: 0.0
Mean: 0.1407161150105259
Max: 0.5410868390456409
====================================================================================================
Relative Errors
Relative errors: [[ 0.          0.        ]
 [-0.00097343 -0.00632087]
 [ 0.00075656 -0.03199258]
 [-0.00396069  0.01517684]
 [ 0.          0.        ]
 [-0.00234263  0.0096419 ]
 [-0.00946745  0.01481245]
 [ 0.00048889 -0.04138013]
 [ 0.          0.        ]
 [-0.00741148  0.00631604]
 [-0.02156645  0.02064194]
 [ 0.02082787  0.04455982]
 [ 0.          0.        ]
 [-0.00345519  0.00258242]
 [ 0.01115401  0.01521738]
 [-0.00323987  0.00663218]
 [ 0.          0.        ]
 [-0.0028333   0.00176826]
 [ 0.00372577  0.02494234]
 [-0.0182579   0.02629359]
 [ 0.00441423 -0.00529321]
 [-0.00366069 -0.01341793]
 [-0.00139436 -0.00787792]
 [-0.00214809  0.01284897]
 [ 0.00049649  0.02346447]
 [-0.00321891  0.01394632]
 [-0.00298372  0.00287232]
 [-0.0112214   0.00445755]
 [-0.00739493  0.0064953 ]
 [ 0.00015898  0.00536896]
 [ 0.01026305 -0.00184739]
 [-0.00093155  0.00247214]
 [ 0.00065648  0.00471763]
 [ 0.00946529 -0.00080297]
 [-0.00328986  0.00555961]]
Min: [-0.02156645 -0.04138013]
Mean: [-0.02156645 -0.04138013]
Max: [0.02082787 0.04455982]
====================================================================================================

====================================================================================================
====================================================================================================
Active Area 2

X,Y Reprojection Errors
Reprojection errors: [[ 0.         -0.        ]
 [ 0.01833684 -0.07020217]
 [-0.07088003  0.08930277]
 [-0.06081069 -0.15395082]
 [ 0.          0.        ]
 [-0.11473722  0.04750169]
 [-0.10795221 -0.16131621]
 [ 0.00980411 -0.07578795]
 [-0.          0.        ]
 [-0.07006734 -0.05674165]
 [ 0.15422631  0.07476454]
 [ 0.10200499  0.24902734]
 [ 0.          0.        ]
 [ 0.04834536  0.0280833 ]
 [ 0.03562002  0.08738819]
 [ 0.1320193  -0.04803226]
 [ 0.          0.        ]
 [ 0.01550758  0.0642001 ]
 [-0.1300202   0.26956841]
 [-0.10799234  0.21594573]
 [ 0.03247852 -0.08638105]
 [-0.07125455 -0.03959241]
 [-0.00782896 -0.01462946]
 [-0.02110518  0.12300153]
 [-0.02294505  0.05343684]
 [-0.03977885  0.01373184]
 [-0.01478536 -0.00809172]
 [-0.10371951  0.10452639]
 [-0.04761468  0.08708654]
 [ 0.03707541  0.01421267]
 [ 0.06218065 -0.07010205]
 [ 0.04864449 -0.01930253]
 [ 0.02357458  0.02906163]
 [ 0.01291109 -0.01591267]
 [-0.01474908  0.0504212 ]]
Min: (-0.130020204669536,-0.16131621388394013)
Mean: (-0.007814628819396017,0.022320506914606308)
Max: (0.1542263114683915,0.2695684067601063)
====================================================================================================
Residual Errors
Residuals: [0.         0.07255746 0.11401299 0.16552581 0.         0.12418149
 0.19410461 0.07641947 0.         0.09016122 0.1713928  0.26910896
 0.         0.05591015 0.09436886 0.14048556 0.         0.06604648
 0.29928645 0.24144338 0.0922851  0.08151545 0.01659258 0.12479906
 0.05815472 0.04208231 0.01685475 0.14725319 0.09925333 0.03970625
 0.09370555 0.05233426 0.0374211  0.02049169 0.05253411]
Min: 0.0
Mean: 0.08999969010384846
Max: 0.29928645065470333
====================================================================================================
Relative Errors
Relative errors: [[ 0.          0.        ]
 [ 0.0016669  -0.00638169]
 [-0.00644331  0.00811801]
 [-0.00552796 -0.01399481]
 [ 0.          0.        ]
 [-0.01043012  0.00431811]
 [-0.00981333 -0.01466435]
 [ 0.00089124 -0.00688946]
 [ 0.          0.        ]
 [-0.00636943 -0.00515807]
 [ 0.01401985  0.00679643]
 [ 0.0092727   0.02263768]
 [ 0.          0.        ]
 [ 0.00439481  0.0025529 ]
 [ 0.00323802  0.00794397]
 [ 0.01200113 -0.00436634]
 [ 0.          0.        ]
 [ 0.00140971  0.00583607]
 [-0.01181941  0.02450495]
 [-0.00981698  0.01963042]
 [ 0.00295244 -0.00785242]
 [-0.00647735 -0.00359912]
 [-0.00071169 -0.00132988]
 [-0.00191855  0.01118138]
 [-0.00208581  0.00485764]
 [-0.00361607  0.00124828]
 [-0.00134405 -0.00073557]
 [-0.00942856  0.00950191]
 [-0.00432838  0.00791655]
 [ 0.00337032  0.00129199]
 [ 0.00565249 -0.00637258]
 [ 0.004422   -0.00175468]
 [ 0.00214303  0.00264183]
 [ 0.00117367 -0.00144653]
 [-0.00134076  0.00458351]]
Min: [-0.01181941 -0.01466435]
Mean: [-0.01181941 -0.01466435]
Max: [0.01401985 0.02450495]
====================================================================================================

====================================================================================================
====================================================================================================
Active Area 3

X,Y Reprojection Errors
Reprojection errors: [[ 0.         -0.        ]
 [ 0.0644069  -0.24143215]
 [-0.02318779 -0.08449488]
 [-0.03157643  0.22741233]
 [ 0.          0.        ]
 [-0.09006281  0.22038119]
 [-0.00114738 -0.14656836]
 [ 0.16785241 -0.42650819]
 [-0.          0.        ]
 [-0.24676259 -0.04001912]
 [-0.00412583  0.11523739]
 [ 0.3501099   0.34196733]
 [ 0.          0.        ]
 [ 0.16974481  0.0520274 ]
 [ 0.00196928  0.06750646]
 [ 0.01927886  0.0680507 ]
 [ 0.          0.        ]
 [ 0.16150615  0.05212264]
 [-0.20885151  0.06994351]
 [-0.34134479  0.07221944]
 [ 0.0247976  -0.15381706]
 [-0.02685402 -0.30646482]
 [ 0.03029979 -0.37282065]
 [-0.01268432  0.17533295]
 [-0.0857085   0.20268937]
 [-0.10194723  0.18602495]
 [-0.11333615 -0.01058914]
 [-0.35648657  0.05044733]
 [-0.30975665 -0.00114266]
 [ 0.13873433  0.0222151 ]
 [ 0.1017481   0.00584969]
 [ 0.15452723  0.03890449]
 [ 0.13252652  0.02228686]
 [ 0.0563567   0.00637441]
 [ 0.08081902  0.03975655]]
Min: (-0.35648656939112267,-0.42650818716279115)
Mean: (-0.008547283920346788,0.007225516528779038)
Max: (0.3501098959880027,0.3419673335876743)
====================================================================================================
Residual Errors
Residuals: [0.         0.24987543 0.08761883 0.22959407 0.         0.23807389
 0.14657285 0.45834885 0.         0.24998661 0.11531122 0.48940637
 0.         0.17753915 0.06753518 0.07072887 0.         0.16970859
 0.22025223 0.34890101 0.15580311 0.30763911 0.37404988 0.17579117
 0.22006574 0.21212854 0.11382975 0.36003834 0.30975876 0.14050169
 0.10191612 0.15934938 0.13438744 0.05671605 0.09006829]
Min: 0.0
Mean: 0.1780427579048091
Max: 0.4894063715459718
====================================================================================================
Relative Errors
Relative errors: [[ 0.          0.        ]
 [ 0.00585487 -0.02194724]
 [-0.00210787 -0.00768096]
 [-0.00287044  0.02067278]
 [ 0.          0.        ]
 [-0.0081871   0.02003362]
 [-0.0001043  -0.01332371]
 [ 0.01525852 -0.03877147]
 [ 0.          0.        ]
 [-0.0224318  -0.00363791]
 [-0.00037506  0.01047558]
 [ 0.03182653  0.03108633]
 [ 0.          0.        ]
 [ 0.01543055  0.00472952]
 [ 0.00017902  0.00613663]
 [ 0.00175253  0.00618611]
 [ 0.          0.        ]
 [ 0.01468162  0.00473818]
 [-0.01898552  0.00635817]
 [-0.03102974  0.00656506]
 [ 0.00225421 -0.01398265]
 [-0.00244115 -0.027859  ]
 [ 0.00275438 -0.03389104]
 [-0.00115306  0.01593854]
 [-0.00779128  0.01842536]
 [-0.00926745  0.01691049]
 [-0.01030275 -0.0009626 ]
 [-0.0324062   0.00458588]
 [-0.02815824 -0.00010387]
 [ 0.01261156  0.00201945]
 [ 0.00924935  0.00053176]
 [ 0.0140472   0.00353659]
 [ 0.01204724  0.00202597]
 [ 0.00512307  0.00057946]
 [ 0.0073468   0.00361404]]
Min: [-0.0324062  -0.03877147]
Mean: [-0.0324062  -0.03877147]
Max: [0.03182653 0.03108633]
====================================================================================================

====================================================================================================
====================================================================================================
Active Area 4

X,Y Reprojection Errors
Reprojection errors: [[ 0.         -0.        ]
 [ 0.0648087  -0.29485112]
 [ 0.09162992 -0.3467285 ]
 [ 0.23529567  0.17309715]
 [ 0.          0.        ]
 [-0.0761231   0.27322094]
 [ 0.14457521  0.13571356]
 [ 0.28369069 -0.75428139]
 [-0.          0.        ]
 [-0.31013315 -0.03054675]
 [-0.47136079  0.08609281]
 [ 0.11430739  0.59675667]
 [ 0.          0.        ]
 [ 0.19388586  0.03737151]
 [ 0.33533747  0.01947217]
 [-0.42194365  0.15722504]
 [ 0.          0.        ]
 [ 0.2557751   0.03506076]
 [ 0.07180225  0.02931175]
 [-0.96526967  0.17751113]
 [ 0.01993922 -0.1744899 ]
 [-0.00574878 -0.38589968]
 [ 0.05674338 -0.46920536]
 [-0.00686859  0.19139057]
 [-0.0554372   0.30521203]
 [-0.05625987  0.3230838 ]
 [-0.14410654 -0.00584343]
 [-0.45735329  0.04168905]
 [-0.46168281 -0.00147692]
 [ 0.16247912  0.01637705]
 [ 0.30180155  0.01282506]
 [ 0.41644559  0.04105423]
 [ 0.1633964   0.0163428 ]
 [ 0.25303954  0.01464568]
 [ 0.32105833  0.04461569]]
Min: (-0.9652696650747545,-0.7542813884167954)
Mean: (0.001534970625197147,0.007564183630745761)
Max: (0.41644559015464044,0.5967566733174691)
====================================================================================================
Residual Errors
Residuals: [0.         0.30188964 0.3586317  0.2921073  0.         0.28362723
 0.19829312 0.8058665  0.         0.31163388 0.4791586  0.60760572
 0.         0.19745469 0.33590235 0.45028453 0.         0.25816692
 0.07755477 0.98145592 0.17562544 0.38594249 0.47262404 0.19151378
 0.31020585 0.3279456  0.14422497 0.4592494  0.46168517 0.1633024
 0.30207393 0.41846431 0.16421166 0.25346303 0.3241435 ]
Min: 0.0
Mean: 0.29983738445713687
Max: 0.9814559226531079
====================================================================================================
Relative Errors
Relative errors: [[ 0.          0.        ]
 [ 0.0058914  -0.02680326]
 [ 0.00832956 -0.03151914]
 [ 0.02138941  0.01573529]
 [ 0.          0.        ]
 [-0.00691992  0.02483698]
 [ 0.01314252  0.01233696]
 [ 0.02578873 -0.06856749]
 [ 0.          0.        ]
 [-0.02819247 -0.00277683]
 [-0.04284877  0.00782621]
 [ 0.01039104  0.0542478 ]
 [ 0.          0.        ]
 [ 0.01762508  0.00339723]
 [ 0.03048365  0.00177011]
 [-0.03835653  0.01429245]
 [ 0.          0.        ]
 [ 0.02325108  0.00318718]
 [ 0.00652714  0.00266457]
 [-0.08774726  0.01613654]
 [ 0.00181256 -0.0158619 ]
 [-0.00052259 -0.03507998]
 [ 0.00515822 -0.04265283]
 [-0.00062438  0.01739824]
 [-0.00503949  0.02774512]
 [-0.00511427  0.02936974]
 [-0.01309992 -0.00053119]
 [-0.04157542  0.00378972]
 [-0.041969   -0.00013426]
 [ 0.01477007  0.00148875]
 [ 0.02743509  0.00116585]
 [ 0.03785673  0.00373201]
 [ 0.01485345  0.00148563]
 [ 0.02300241  0.00133136]
 [ 0.02918561  0.00405576]]
Min: [-0.08774726 -0.06856749]
Mean: [-0.08774726 -0.06856749]
Max: [0.03785673 0.0542478 ]
====================================================================================================

====================================================================================================
====================================================================================================
