Needle Calibration logActive Area 1

X,Y Reprojection Errors
Reprojection errors: [[ 0.00000000e+00 -0.00000000e+00]
 [-1.15808322e-02 -8.29714607e-02]
 [ 7.73495735e-04 -4.20021422e-01]
 [-5.60108381e-02  3.55074996e-02]
 [ 0.00000000e+00  0.00000000e+00]
 [-2.41088756e-02  1.18554228e-01]
 [-1.03930008e-01  2.33297856e-01]
 [ 2.44338692e-03 -3.21523385e-01]
 [-0.00000000e+00  0.00000000e+00]
 [-8.53992350e-02  6.77203057e-02]
 [-2.63894898e-01  2.19702494e-01]
 [ 1.78337446e-01  4.74018731e-01]
 [ 0.00000000e+00  0.00000000e+00]
 [-3.19192972e-02  2.75648100e-02]
 [ 1.44386778e-01  1.60261505e-01]
 [-1.78972103e-04  6.66781088e-02]
 [ 0.00000000e+00  0.00000000e+00]
 [-2.54766099e-02  1.87476340e-02]
 [ 6.74306834e-02  2.65580201e-01]
 [-1.55764680e-01  2.79605805e-01]
 [ 4.78934044e-02 -6.40825350e-02]
 [-4.08328169e-02 -1.67770477e-01]
 [-1.71905870e-02 -1.15140228e-01]
 [-2.26652513e-02  1.44922180e-01]
 [ 5.72408283e-03  2.74658461e-01]
 [-3.49291118e-02  1.79077899e-01]
 [-3.49561296e-02  3.07672937e-02]
 [-1.31230098e-01  4.74767173e-02]
 [-9.23672838e-02  6.90057755e-02]
 [ 4.69158096e-03  5.73359421e-02]
 [ 1.19826285e-01 -2.00351012e-02]
 [-6.43651746e-04  2.56511028e-02]
 [ 9.84567538e-03  5.02822772e-02]
 [ 1.11561553e-01 -8.72435535e-03]
 [-2.50755372e-02  5.90874972e-02]]
Min: (-0.26389489799930477,-0.4200214222161214)
Mean: (-0.013292581224330635,0.048721010232482626)
Max: (0.178337445755556,0.4740187306805105)
====================================================================================================
Residual Errors
Residuals: [0.         0.08377577 0.42002213 0.06631739 0.         0.12098075
 0.25540034 0.32153267 0.         0.10899114 0.34337982 0.50645632
 0.         0.04217417 0.21571113 0.06667835 0.         0.03163118
 0.27400683 0.32006568 0.08000218 0.17266804 0.11641644 0.14668385
 0.2747181  0.18245256 0.04656777 0.13955421 0.11529749 0.05752757
 0.12148969 0.02565918 0.05123714 0.11190216 0.06418812]
Min: 0.0
Mean: 0.13952823396168482
Max: 0.5064563175581663
====================================================================================================
Relative Errors
Relative errors: [[ 0.00000000e+00  0.00000000e+00]
 [-1.05274855e-03 -7.54247049e-03]
 [ 7.03141623e-05 -3.81817935e-02]
 [-5.09163138e-03  3.22778779e-03]
 [ 0.00000000e+00  0.00000000e+00]
 [-2.19160277e-03  1.07771004e-02]
 [-9.44769458e-03  2.12078006e-02]
 [ 2.22114611e-04 -2.92278890e-02]
 [ 0.00000000e+00  0.00000000e+00]
 [-7.76316584e-03  6.15607346e-03]
 [-2.39892062e-02  1.99719224e-02]
 [ 1.62116577e-02  4.30903862e-02]
 [ 0.00000000e+00  0.00000000e+00]
 [-2.90160442e-03  2.50576239e-03]
 [ 1.31253928e-02  1.45684752e-02]
 [-1.62693509e-05  6.06133318e-03]
 [ 0.00000000e+00  0.00000000e+00]
 [-2.31593583e-03  1.70424234e-03]
 [ 6.12974552e-03  2.41424076e-02]
 [-1.41596940e-02  2.54173967e-02]
 [ 4.35372098e-03 -5.82538411e-03]
 [-3.71188254e-03 -1.52510738e-02]
 [-1.56269992e-03 -1.04667528e-02]
 [-2.06037097e-03  1.31740632e-02]
 [ 5.20344290e-04  2.49676614e-02]
 [-3.17520979e-03  1.62789681e-02]
 [-3.17766583e-03  2.79688224e-03]
 [-1.19293928e-02  4.31584229e-03]
 [-8.39659211e-03  6.27292831e-03]
 [ 4.26485331e-04  5.21208916e-03]
 [ 1.08927360e-02 -1.82127876e-03]
 [-5.85107729e-05  2.33179799e-03]
 [ 8.95015169e-04  4.57088001e-03]
 [ 1.01414355e-02 -7.93082249e-04]
 [-2.27947655e-03  5.37131322e-03]]
Min: [-0.02398921 -0.03818179]
Mean: [-0.02398921 -0.03818179]
Max: [0.01621166 0.04309039]
====================================================================================================

====================================================================================================
====================================================================================================
Active Area 2

X,Y Reprojection Errors
Reprojection errors: [[ 0.         -0.        ]
 [ 0.01932733 -0.07386675]
 [-0.07480005  0.07273199]
 [-0.07959454 -0.17181276]
 [ 0.          0.        ]
 [-0.11736777  0.0523537 ]
 [-0.1330678  -0.12863845]
 [-0.02782002 -0.02647422]
 [-0.          0.        ]
 [-0.07953982 -0.05205355]
 [ 0.10755007  0.09441328]
 [ 0.03810631  0.27408917]
 [ 0.          0.        ]
 [ 0.04890956  0.02832964]
 [ 0.0405678   0.08822481]
 [ 0.14238107 -0.04674493]
 [ 0.          0.        ]
 [ 0.02135694  0.06145608]
 [-0.09841302  0.25532107]
 [-0.05900126  0.1953765 ]
 [ 0.03074876 -0.08670884]
 [-0.07316566 -0.04397524]
 [-0.01374587 -0.01863699]
 [-0.02228293  0.12457636]
 [-0.03048165  0.06285019]
 [-0.05042078  0.02654424]
 [-0.01930466 -0.00604225]
 [-0.11771903  0.10999002]
 [-0.06613704  0.09463465]
 [ 0.03763442  0.01416745]
 [ 0.06353188 -0.06908589]
 [ 0.05053775 -0.0185866 ]
 [ 0.02630651  0.02778696]
 [ 0.02219213 -0.01938322]
 [-0.00265277  0.04536422]]
Min: (-0.13306779914524802,-0.1718127583532536)
Mean: (-0.011896117453343371,0.024748590248629906)
Max: (0.14238107224761087,0.27408917440516045)
====================================================================================================
Residual Errors
Residuals: [0.         0.0763534  0.10433116 0.18935394 0.         0.12851499
 0.18508076 0.03840362 0.         0.09505869 0.14311144 0.27672544
 0.         0.05652179 0.09710491 0.14985813 0.         0.06506127
 0.27363109 0.20409097 0.09199951 0.08536413 0.02315786 0.12655354
 0.06985183 0.05698115 0.02022817 0.16110733 0.11545486 0.04021276
 0.09385712 0.05384725 0.03826419 0.02946524 0.04544172]
Min: 0.0
Mean: 0.08957109287992564
Max: 0.27672543522986687
====================================================================================================
Relative Errors
Relative errors: [[ 0.          0.        ]
 [ 0.00175694 -0.00671481]
 [-0.00679965  0.00661166]
 [-0.00723549 -0.01561853]
 [ 0.          0.        ]
 [-0.01066925  0.00475918]
 [-0.01209645 -0.0116938 ]
 [-0.00252896 -0.00240662]
 [ 0.          0.        ]
 [-0.00723052 -0.0047319 ]
 [ 0.00977677  0.00858258]
 [ 0.00346403  0.02491591]
 [ 0.          0.        ]
 [ 0.00444609  0.00257529]
 [ 0.00368779  0.00802002]
 [ 0.01294307 -0.00424932]
 [ 0.          0.        ]
 [ 0.00194144  0.00558663]
 [-0.00894618  0.02320981]
 [-0.00536347  0.01776058]
 [ 0.0027952  -0.00788221]
 [-0.00665108 -0.00399754]
 [-0.00124956 -0.00169418]
 [-0.00202562  0.01132454]
 [-0.00277092  0.00571336]
 [-0.00458347  0.00241299]
 [-0.00175488 -0.00054927]
 [-0.01070118  0.00999858]
 [-0.00601215  0.00860271]
 [ 0.00342113  0.00128788]
 [ 0.00577533 -0.00628021]
 [ 0.0045941  -0.0016896 ]
 [ 0.00239138  0.00252596]
 [ 0.00201736 -0.00176202]
 [-0.00024115  0.00412381]]
Min: [-0.01209645 -0.01561853]
Mean: [-0.01209645 -0.01561853]
Max: [0.01294307 0.02491591]
====================================================================================================

====================================================================================================
====================================================================================================
Active Area 3

X,Y Reprojection Errors
Reprojection errors: [[ 0.         -0.        ]
 [ 0.06260494 -0.25462248]
 [-0.02306418 -0.20456195]
 [-0.04621152  0.01239303]
 [ 0.          0.        ]
 [-0.09223625  0.23319822]
 [-0.07761217 -0.04042586]
 [ 0.04790444 -0.24567648]
 [-0.          0.        ]
 [-0.26239312 -0.042213  ]
 [-0.12874247  0.07805056]
 [ 0.150522    0.27597993]
 [ 0.          0.        ]
 [ 0.18034765  0.05165381]
 [ 0.04388186  0.06818644]
 [ 0.07983619  0.06903191]
 [ 0.          0.        ]
 [ 0.17437726  0.05246378]
 [-0.10889584  0.08891297]
 [-0.18150072  0.1044861 ]
 [ 0.02344737 -0.15894574]
 [-0.02605271 -0.3308269 ]
 [ 0.02290628 -0.40631414]
 [-0.01489728  0.17825912]
 [-0.09679887  0.2283522 ]
 [-0.12129674  0.21965072]
 [-0.12065832 -0.01195102]
 [-0.38022099  0.041823  ]
 [-0.34879675 -0.01130395]
 [ 0.14152894  0.02159859]
 [ 0.11657855  0.00771936]
 [ 0.16829202  0.03819736]
 [ 0.13703026  0.0222089 ]
 [ 0.08368428  0.01218195]
 [ 0.11487712  0.04544387]]
Min: (-0.3802209907690693,-0.40631414093197515)
Mean: (-0.01375882232447459,0.004084293586521878)
Max: (0.18034765497131344,0.27597992676552174)
====================================================================================================
Residual Errors
Residuals: [0.         0.26220599 0.20585808 0.04784446 0.         0.25077667
 0.08750942 0.25030335 0.         0.26576698 0.15055402 0.31435933
 0.         0.18759902 0.08108642 0.10554251 0.         0.18209853
 0.14058386 0.20942745 0.16066589 0.33185114 0.40695931 0.17888053
 0.24802167 0.25091699 0.12124874 0.38251427 0.34897987 0.14316752
 0.11683384 0.17257242 0.13881832 0.0845663  0.12353905]
Min: 0.0
Mean: 0.17003005595969367
Max: 0.40695930870107544
====================================================================================================
Relative Errors
Relative errors: [[ 0.          0.        ]
 [ 0.00569106 -0.0231463 ]
 [-0.00209664 -0.01859558]
 [-0.00420083  0.00112658]
 [ 0.          0.        ]
 [-0.00838468  0.02119874]
 [-0.00705529 -0.00367489]
 [ 0.00435472 -0.02233307]
 [ 0.          0.        ]
 [-0.02385269 -0.00383735]
 [-0.01170326  0.00709514]
 [ 0.01368311  0.02508779]
 [ 0.          0.        ]
 [ 0.01639439  0.00469556]
 [ 0.00398905  0.00619845]
 [ 0.00725746  0.0062753 ]
 [ 0.          0.        ]
 [ 0.01585166  0.00476919]
 [-0.00989911  0.00808258]
 [-0.01649921  0.00949825]
 [ 0.00213147 -0.01444887]
 [-0.00236831 -0.03007362]
 [ 0.00208228 -0.03693574]
 [-0.00135423  0.01620454]
 [-0.00879944  0.02075822]
 [-0.01102641  0.01996722]
 [-0.01096837 -0.0010864 ]
 [-0.03456376  0.00380189]
 [-0.03170716 -0.00102758]
 [ 0.0128656   0.00196341]
 [ 0.0105975   0.00070172]
 [ 0.01529848  0.00347231]
 [ 0.01245665  0.00201889]
 [ 0.00760727  0.00110739]
 [ 0.01044283  0.00413105]]
Min: [-0.03456376 -0.03693574]
Mean: [-0.03456376 -0.03693574]
Max: [0.01639439 0.02508779]
====================================================================================================

====================================================================================================
====================================================================================================
Active Area 4

X,Y Reprojection Errors
Reprojection errors: [[ 0.         -0.        ]
 [ 0.06250516 -0.3066197 ]
 [ 0.09121109 -0.46921448]
 [ 0.23063402 -0.06504163]
 [ 0.          0.        ]
 [-0.07470593  0.28567306]
 [ 0.08809733  0.24947651]
 [ 0.18245279 -0.52030842]
 [-0.          0.        ]
 [-0.32215205 -0.03100513]
 [-0.59660313  0.05886165]
 [-0.12756468  0.52250408]
 [ 0.          0.        ]
 [ 0.21474851  0.03943377]
 [ 0.43062991  0.02558776]
 [-0.2264079   0.16334557]
 [ 0.          0.        ]
 [ 0.26897616  0.03491907]
 [ 0.19971912  0.04481217]
 [-0.70247267  0.2029802 ]
 [ 0.01914465 -0.17885989]
 [-0.00344129 -0.40879074]
 [ 0.05370502 -0.50013062]
 [-0.00786743  0.19422021]
 [-0.0608186   0.33045626]
 [-0.06614432  0.35683863]
 [-0.1506386  -0.00666846]
 [-0.47832053  0.03561011]
 [-0.49596002 -0.00775523]
 [ 0.16731468  0.01615239]
 [ 0.32466278  0.01415414]
 [ 0.4407839   0.04006258]
 [ 0.1681184   0.01608548]
 [ 0.28193728  0.01771124]
 [ 0.35720514  0.0470209 ]]
Min: (-0.7024726652031967,-0.5203084191983756)
Mean: (0.007678536539985245,0.005757470804717518)
Max: (0.4407838965005161,0.5225040782708847)
====================================================================================================
Residual Errors
Residuals: [0.         0.31292577 0.47799759 0.23962985 0.         0.29527966
 0.26457451 0.5513709  0.         0.32364063 0.59949979 0.53785059
 0.         0.21833906 0.43138944 0.2791815  0.         0.27123332
 0.20468478 0.73121051 0.17988157 0.40880522 0.50300583 0.19437949
 0.33600631 0.36291718 0.15078613 0.47964425 0.49602065 0.16809254
 0.32497117 0.44260078 0.16888617 0.28249304 0.36028666]
Min: 0.0
Mean: 0.3027881394046051
Max: 0.7312105069704274
====================================================================================================
Relative Errors
Relative errors: [[ 0.          0.        ]
 [ 0.00568199 -0.02787308]
 [ 0.00829149 -0.04265366]
 [ 0.02096565 -0.00591257]
 [ 0.          0.        ]
 [-0.0067911   0.02596894]
 [ 0.00800843  0.02267851]
 [ 0.01658576 -0.04729832]
 [ 0.          0.        ]
 [-0.02928504 -0.0028185 ]
 [-0.05423385  0.00535078]
 [-0.01159619  0.04749792]
 [ 0.          0.        ]
 [ 0.01952158  0.0035847 ]
 [ 0.03914615  0.00232604]
 [-0.02058147  0.01484883]
 [ 0.          0.        ]
 [ 0.02445112  0.0031743 ]
 [ 0.01815535  0.00407362]
 [-0.06385785  0.01845179]
 [ 0.00174033 -0.01625915]
 [-0.00031283 -0.03716087]
 [ 0.00488202 -0.04546407]
 [-0.00071518  0.01765547]
 [-0.00552868  0.03003993]
 [-0.00601281  0.0324382 ]
 [-0.01369371 -0.00060619]
 [-0.04348144  0.00323712]
 [-0.04508495 -0.00070498]
 [ 0.01520964  0.00146832]
 [ 0.02951327  0.00128667]
 [ 0.04006919  0.00364186]
 [ 0.0152827   0.00146224]
 [ 0.02562934  0.00161003]
 [ 0.03247152  0.00427441]]
Min: [-0.06385785 -0.04729832]
Mean: [-0.06385785 -0.04729832]
Max: [0.04006919 0.04749792]
====================================================================================================

====================================================================================================
====================================================================================================
