Needle Calibration logActive Area 1

X,Y Reprojection Errors
Reprojection errors: [[ 0.         -0.        ]
 [-0.00844479 -0.03458518]
 [ 0.02804001 -0.17887571]
 [-0.01104042  0.50350811]
 [ 0.          0.        ]
 [-0.0300183   0.07435654]
 [-0.10322301 -0.02983504]
 [ 0.01524592 -0.82345956]
 [-0.          0.        ]
 [-0.07314525  0.0751815 ]
 [-0.17615269  0.24276123]
 [ 0.34592063  0.52442962]
 [ 0.          0.        ]
 [-0.05189248  0.03133649]
 [ 0.07562854  0.1811404 ]
 [-0.11175849  0.07820877]
 [ 0.          0.        ]
 [-0.04399286  0.02147271]
 [-0.01873023  0.29896051]
 [-0.30252799  0.31641115]
 [ 0.05004809 -0.04255198]
 [-0.03879226 -0.0943661 ]
 [-0.01057352 -0.01247703]
 [-0.02610268  0.13277998]
 [ 0.00494177  0.21366863]
 [-0.03618719  0.08379843]
 [-0.02812498  0.03412505]
 [-0.10566172  0.05226508]
 [-0.05599422  0.07601329]
 [-0.00503995  0.06426338]
 [ 0.09751943 -0.0216734 ]
 [-0.03129528  0.02961311]
 [ 0.00127968  0.05637244]
 [ 0.08738573 -0.00902006]
 [-0.06125213  0.06701843]]
Min: (-0.30252798774359935,-0.8234595616386091)
Mean: (-0.01782687581324368,0.054595451448843174)
Max: (0.34592062652539557,0.5244296232362614)
====================================================================================================
Residual Errors
Residuals: [0.         0.03560126 0.18106011 0.50362914 0.         0.08018724
 0.10744822 0.82360068 0.         0.10489273 0.29993797 0.6282416
 0.         0.06062017 0.19629447 0.1364059  0.         0.04895354
 0.29954667 0.43776615 0.06569233 0.10202843 0.01635468 0.13532137
 0.21372577 0.09127809 0.04422141 0.11788146 0.09441066 0.06446071
 0.09989883 0.04308516 0.05638697 0.08785003 0.09079259]
Min: 0.0
Mean: 0.15050212428661447
Max: 0.8236006846509768
====================================================================================================
Relative Errors
Relative errors: [[ 0.          0.        ]
 [-0.00076767 -0.00314395]
 [ 0.00254896 -0.01626059]
 [-0.00100362  0.0457711 ]
 [ 0.          0.        ]
 [-0.0027288   0.00675934]
 [-0.00938343 -0.00271214]
 [ 0.00138592 -0.07485609]
 [ 0.          0.        ]
 [-0.00664922  0.00683433]
 [-0.01601305  0.02206806]
 [ 0.03144571  0.04767296]
 [ 0.          0.        ]
 [-0.00471725  0.00284863]
 [ 0.00687497  0.01646646]
 [-0.01015934  0.00710952]
 [ 0.          0.        ]
 [-0.00399914  0.00195196]
 [-0.00170266  0.02717682]
 [-0.02750112  0.02876316]
 [ 0.00454959 -0.00386816]
 [-0.00352639 -0.00857829]
 [-0.00096118 -0.00113422]
 [-0.00237285  0.01207028]
 [ 0.00044923  0.01942342]
 [-0.00328957  0.00761765]
 [-0.00255668  0.00310212]
 [-0.00960512  0.00475113]
 [-0.00509012  0.00690994]
 [-0.00045815  0.00584182]
 [ 0.00886495 -0.00197021]
 [-0.00284488  0.00269196]
 [ 0.00011633  0.0051245 ]
 [ 0.00794375 -0.00081996]
 [-0.00556809  0.00609227]]
Min: [-0.02750112 -0.07485609]
Mean: [-0.02750112 -0.07485609]
Max: [0.03144571 0.04767296]
====================================================================================================

====================================================================================================
====================================================================================================
Active Area 2

X,Y Reprojection Errors
Reprojection errors: [[ 0.00000000e+00 -0.00000000e+00]
 [ 1.57674776e-02 -6.18533052e-02]
 [-7.03005983e-02  1.30413808e-01]
 [-3.74024917e-02 -1.04730291e-01]
 [ 0.00000000e+00  0.00000000e+00]
 [-1.09805048e-01  3.71900770e-02]
 [-5.93362048e-02 -2.30400931e-01]
 [ 8.37414770e-02 -1.80697820e-01]
 [-0.00000000e+00  0.00000000e+00]
 [-5.13543981e-02 -6.60992210e-02]
 [ 2.48483414e-01  3.51556448e-02]
 [ 2.33196591e-01  1.97667959e-01]
 [ 0.00000000e+00  0.00000000e+00]
 [ 4.49162833e-02  2.87682356e-02]
 [ 1.38392760e-02  9.17001256e-02]
 [ 9.37787579e-02 -4.20867263e-02]
 [ 0.00000000e+00  0.00000000e+00]
 [ 2.72556013e-03  7.03286190e-02]
 [-1.98979035e-01  3.01338879e-01]
 [-2.14593632e-01  2.61678504e-01]
 [ 3.52623569e-02 -8.51151587e-02]
 [-7.00437219e-02 -2.82509184e-02]
 [ 1.10574320e-04 -3.02545684e-03]
 [-1.89055712e-02  1.19712619e-01]
 [-8.42285638e-03  3.36121478e-02]
 [-1.94640664e-02 -1.30928581e-02]
 [-5.74032290e-03 -1.22070150e-02]
 [-7.61620308e-02  9.39954647e-02]
 [-1.08743990e-02  7.22901940e-02]
 [ 3.49522354e-02  1.48208703e-02]
 [ 5.60989672e-02 -7.05941043e-02]
 [ 4.03837595e-02 -1.85700110e-02]
 [ 1.76060544e-02  3.19078951e-02]
 [-7.20368731e-03 -8.23720709e-03]
 [-4.10657358e-02  6.16626087e-02]]
Min: (-0.21459363227630224,-0.23040093058878686)
Mean: (-0.0022511718681471875,0.018779503679945422)
Max: (0.24848341419324038,0.30133887874868764)
====================================================================================================
Residual Errors
Residuals: [0.         0.06383138 0.14815511 0.11120872 0.         0.11593209
 0.23791884 0.19915908 0.         0.08370413 0.25095802 0.30570128
 0.         0.05333933 0.09273855 0.10278982 0.         0.07038141
 0.36110632 0.338417   0.09213047 0.0755264  0.00302748 0.12119625
 0.03465142 0.02345789 0.01348935 0.12097852 0.07310352 0.03796468
 0.09016996 0.04444877 0.03644293 0.01094279 0.07408557]
Min: 0.0
Mean: 0.09677020264778857
Max: 0.36110632280234956
====================================================================================================
Relative Errors
Relative errors: [[ 0.00000000e+00  0.00000000e+00]
 [ 1.43333302e-03 -5.62273732e-03]
 [-6.39063339e-03  1.18551884e-02]
 [-3.40005090e-03 -9.52044376e-03]
 [ 0.00000000e+00  0.00000000e+00]
 [-9.98176156e-03  3.38074147e-03]
 [-5.39392183e-03 -2.09444573e-02]
 [ 7.61246835e-03 -1.64262261e-02]
 [ 0.00000000e+00  0.00000000e+00]
 [-4.66834052e-03 -6.00870973e-03]
 [ 2.25882346e-02  3.19580264e-03]
 [ 2.11985952e-02  1.79688863e-02]
 [ 0.00000000e+00  0.00000000e+00]
 [ 4.08308759e-03  2.61515907e-03]
 [ 1.25805102e-03  8.33594449e-03]
 [ 8.52490130e-03 -3.82586841e-03]
 [ 0.00000000e+00  0.00000000e+00]
 [ 2.47765396e-04  6.39318060e-03]
 [-1.80880689e-02  2.73930286e-02]
 [-1.95075044e-02  2.37877262e-02]
 [ 3.20550324e-03 -7.73734205e-03]
 [-6.36728220e-03 -2.56813266e-03]
 [ 1.00516917e-05 -2.75027325e-04]
 [-1.71859952e-03  1.08824033e-02]
 [-7.65674668e-04  3.05549198e-03]
 [-1.76936919e-03 -1.19019835e-03]
 [-5.21820583e-04 -1.10967132e-03]
 [-6.92346337e-03  8.54460091e-03]
 [-9.88530665e-04  6.57149639e-03]
 [ 3.17731183e-03  1.34728226e-03]
 [ 5.09964270e-03 -6.41731438e-03]
 [ 3.67106125e-03 -1.68809562e-03]
 [ 1.60046773e-03  2.90056792e-03]
 [-6.54846841e-04 -7.48798331e-04]
 [-3.73305589e-03  5.60540217e-03]]
Min: [-0.0195075  -0.02094446]
Mean: [-0.0195075  -0.02094446]
Max: [0.02258823 0.02739303]
====================================================================================================

====================================================================================================
====================================================================================================
Active Area 3

X,Y Reprojection Errors
Reprojection errors: [[ 0.         -0.        ]
 [ 0.06821215 -0.19947235]
 [-0.03577075  0.29993405]
 [-0.01154849  0.91560936]
 [ 0.          0.        ]
 [-0.08251114  0.17965424]
 [ 0.22874034 -0.48742263]
 [ 0.52989482 -1.00769012]
 [-0.          0.        ]
 [-0.20225728 -0.03415302]
 [ 0.34859264  0.22329437]
 [ 0.91430058  0.53431028]
 [ 0.          0.        ]
 [ 0.13939837  0.05459229]
 [-0.11752027  0.07513883]
 [-0.15328806  0.08045202]
 [ 0.          0.        ]
 [ 0.12473565  0.05246234]
 [-0.49272772  0.02063511]
 [-0.79510655 -0.01278039]
 [ 0.0281383  -0.13751054]
 [-0.03162644 -0.22836992]
 [ 0.04806329 -0.26582317]
 [-0.00604338  0.16598131]
 [-0.05130179  0.1206991 ]
 [-0.04306324  0.07848696]
 [-0.0925253  -0.00683803]
 [-0.28945843  0.07608044]
 [-0.19908566  0.02828233]
 [ 0.13068816  0.02463874]
 [ 0.0595949   0.002651  ]
 [ 0.1151953   0.04448199]
 [ 0.11963983  0.02303383]
 [-0.02119028 -0.00908409]
 [-0.01598659  0.02542613]]
Min: (-0.7951065470501035,-1.0076901187823317)
Mean: (0.006119513341612678,0.01819144204380795)
Max: (0.9143005824187949,0.9156093601863446)
====================================================================================================
Residual Errors
Residuals: [0.         0.21081299 0.30205957 0.91568219 0.         0.19769607
 0.53842638 1.13852005 0.         0.20512054 0.41397729 1.05897735
 0.         0.14970713 0.13948784 0.17311775 0.         0.13531917
 0.49315962 0.79520926 0.14035994 0.23054945 0.27013337 0.1660913
 0.13114933 0.08952455 0.09277764 0.29928985 0.20108453 0.13299046
 0.05965383 0.12348524 0.12183697 0.02305534 0.0300343 ]
Min: 0.0
Mean: 0.2565511225368343
Max: 1.1385200450860058
====================================================================================================
Relative Errors
Relative errors: [[ 0.          0.        ]
 [ 0.00620078 -0.01813291]
 [-0.00325172  0.02726532]
 [-0.00104981  0.08323292]
 [ 0.          0.        ]
 [-0.00750063  0.01633136]
 [ 0.0207935  -0.04430886]
 [ 0.04816977 -0.09160346]
 [ 0.          0.        ]
 [-0.01838608 -0.00310466]
 [ 0.0316886   0.02029844]
 [ 0.08311394  0.04857115]
 [ 0.          0.        ]
 [ 0.01267192  0.00496268]
 [-0.01068311  0.00683045]
 [-0.01393456  0.00731344]
 [ 0.          0.        ]
 [ 0.01133902  0.00476906]
 [-0.04479112  0.00187582]
 [-0.07227868 -0.00116179]
 [ 0.00255789 -0.01250031]
 [-0.00287498 -0.02075983]
 [ 0.00436916 -0.02416449]
 [-0.00054937  0.01508843]
 [-0.00466356  0.01097208]
 [-0.00391464  0.00713481]
 [-0.00841096 -0.00062161]
 [-0.02631304  0.00691605]
 [-0.01809776  0.00257099]
 [ 0.01188013  0.00223977]
 [ 0.00541744  0.00024099]
 [ 0.01047176  0.00404361]
 [ 0.01087579  0.00209388]
 [-0.00192629 -0.00082578]
 [-0.00145325  0.00231135]]
Min: [-0.07227868 -0.09160346]
Mean: [-0.07227868 -0.09160346]
Max: [0.08311394 0.08323292]
====================================================================================================

====================================================================================================
====================================================================================================
Active Area 4

X,Y Reprojection Errors
Reprojection errors: [[ 0.         -0.        ]
 [ 0.0722395  -0.25194207]
 [ 0.08096785  0.1014628 ]
 [ 0.22804213  1.04445988]
 [ 0.          0.        ]
 [-0.08094751  0.22796127]
 [ 0.33916122 -0.27684641]
 [ 0.63653877 -1.60405524]
 [-0.          0.        ]
 [-0.26782118 -0.02899164]
 [-0.03186135  0.18424084]
 [ 0.96521515  0.86440409]
 [ 0.          0.        ]
 [ 0.12113917  0.02988087]
 [-0.01539221  0.00229169]
 [-1.14189944  0.14539497]
 [ 0.          0.        ]
 [ 0.20838564  0.03594577]
 [-0.38690289 -0.02353372]
 [-1.90783658  0.09215117]
 [ 0.02240957 -0.15853561]
 [-0.01580156 -0.30220909]
 [ 0.0640886  -0.35599454]
 [-0.00355505  0.18115917]
 [-0.03686498  0.21357439]
 [-0.02252884  0.20068276]
 [-0.12111346 -0.00290573]
 [-0.38387943  0.0636699 ]
 [-0.34166017  0.02119062]
 [ 0.14514608  0.01732167]
 [ 0.21814131  0.00907345]
 [ 0.32584866  0.04621905]
 [ 0.14643918  0.01741156]
 [ 0.14940057  0.00429497]
 [ 0.1913794   0.03687148]]
Min: (-1.907836577809074,-1.6040552376152588)
Mean: (-0.024100623495601523,0.015275666418457234)
Max: (0.9652151545175185,1.0444598815492903)
====================================================================================================
Residual Errors
Residuals: [0.         0.26209416 0.12980945 1.06906485 0.         0.24190668
 0.4378062  1.72573892 0.         0.26938578 0.18697549 1.29569855
 0.         0.12477005 0.01556188 1.1511186  0.         0.21146317
 0.38761796 1.9100608  0.16011161 0.30262192 0.36171738 0.18119405
 0.21673266 0.20194336 0.12114831 0.38912372 0.34231669 0.146176
 0.21832993 0.32911024 0.14747066 0.14946229 0.1948989 ]
Min: 0.0
Mean: 0.36804086398383234
Max: 1.910060796238887
====================================================================================================
Relative Errors
Relative errors: [[ 0.          0.        ]
 [ 0.00656689 -0.02290264]
 [ 0.00736033  0.00922341]
 [ 0.02073003  0.09494599]
 [ 0.          0.        ]
 [-0.00735848  0.02072268]
 [ 0.03083125 -0.02516656]
 [ 0.05786417 -0.14581567]
 [ 0.          0.        ]
 [-0.02434612 -0.00263547]
 [-0.00289634  0.0167483 ]
 [ 0.0877423   0.07857813]
 [ 0.          0.        ]
 [ 0.01101208  0.0027163 ]
 [-0.00139922  0.00020832]
 [-0.10380368  0.01321704]
 [ 0.          0.        ]
 [ 0.01894317  0.00326763]
 [-0.03517117 -0.00213932]
 [-0.17343073  0.00837695]
 [ 0.00203713 -0.01441158]
 [-0.00143643 -0.02747213]
 [ 0.00582594 -0.03236147]
 [-0.00032317  0.01646816]
 [-0.00335119  0.01941485]
 [-0.00204797  0.01824295]
 [-0.01100975 -0.00026414]
 [-0.03489633  0.00578787]
 [-0.03105841  0.00192632]
 [ 0.01319442  0.00157462]
 [ 0.01983     0.00082482]
 [ 0.02962108  0.00420152]
 [ 0.01331197  0.00158279]
 [ 0.01358117  0.00039043]
 [ 0.01739723  0.00335178]]
Min: [-0.17343073 -0.14581567]
Mean: [-0.17343073 -0.14581567]
Max: [0.0877423  0.09494599]
====================================================================================================

====================================================================================================
====================================================================================================
