Needle Calibration logActive Area 1

X,Y Reprojection Errors
Reprojection errors: [[ 0.00000000e+00  0.00000000e+00]
 [ 7.20231926e-02 -1.30839475e-02]
 [ 2.13420180e-01 -2.04429535e-03]
 [ 2.87542383e-01 -4.66809256e-02]
 [ 3.67041001e-01 -3.16033617e-05]
 [ 2.71393776e-01 -4.83113842e-02]
 [-1.39141302e-01 -6.20572091e-02]
 [-0.00000000e+00  0.00000000e+00]
 [-1.08671855e-01 -2.43949872e-02]
 [-2.34004828e-01 -9.34130136e-02]
 [-1.89431777e-01 -9.46598891e-02]
 [-1.67429981e-01 -8.43579123e-02]
 [ 1.47246130e-02 -6.07295361e-02]
 [ 4.46540912e-01  4.56919696e-02]
 [-0.00000000e+00 -0.00000000e+00]
 [-7.32638024e-02 -8.05324190e-02]
 [-1.53968710e-01 -2.00103503e-01]
 [-1.88938067e-01 -2.07525129e-01]
 [-2.40805360e-01 -2.23480771e-01]
 [-3.80388723e-01 -2.59084946e-02]
 [-5.14463520e-01  2.55505463e-01]
 [ 0.00000000e+00  0.00000000e+00]
 [-2.46096993e-02 -4.16521496e-02]
 [-1.80502225e-01  3.99464853e-02]
 [-1.02301308e-01  1.11822491e-01]
 [-1.44001502e-01  1.12764134e-01]
 [-8.52949995e-02  1.22118704e-01]
 [-3.21325246e-02 -4.90831252e-02]
 [ 0.00000000e+00  0.00000000e+00]
 [-1.53258032e-02 -3.42940544e-02]
 [-2.26066812e-01  3.83356813e-03]
 [-1.83459638e-01  4.74992030e-02]
 [-2.54895039e-01  2.48737486e-02]
 [-2.51427729e-01 -9.55235627e-03]
 [-2.56331136e-01 -2.26775197e-01]]
Min: (-0.5144635199106345,-0.22677519698768034)
Mean: (-0.07069057948912351,-0.024703318158756395)
Max: (0.4465409124988442,0.25550546332858914)
====================================================================================================
Residual Errors
Residuals: [0.         0.07320198 0.21342997 0.29130694 0.367041   0.27566025
 0.15235288 0.         0.11137633 0.25196081 0.21176613 0.18748082
 0.06248913 0.44887252 0.         0.10887174 0.25248322 0.28064973
 0.32852835 0.38127002 0.57441775 0.         0.04837912 0.18486962
 0.151558   0.18289938 0.14895709 0.0586656  0.         0.03756278
 0.22609931 0.18950887 0.25610581 0.25160912 0.34224646]
Min: 0.0
Mean: 0.1900463062452026
Max: 0.5744177531288504
====================================================================================================
Relative Errors
Relative errors: [[ 0.00000000e+00  0.00000000e+00]
 [ 5.13796441e-03 -9.33377900e-04]
 [ 1.52248914e-02 -1.45835201e-04]
 [ 2.05125943e-02 -3.33010695e-03]
 [ 2.61838379e-02 -2.25450916e-06]
 [ 1.93605908e-02 -3.44642002e-03]
 [-9.92601176e-03 -4.42701469e-03]
 [ 0.00000000e+00  0.00000000e+00]
 [-7.75239342e-03 -1.74028076e-03]
 [-1.66933516e-02 -6.66386370e-03]
 [-1.35136154e-02 -6.75281286e-03]
 [-1.19440593e-02 -6.01789417e-03]
 [ 1.05041910e-03 -4.33230163e-03]
 [ 3.18551737e-02  3.25955716e-03]
 [ 0.00000000e+00  0.00000000e+00]
 [-5.22646658e-03 -5.74499252e-03]
 [-1.09837640e-02 -1.42749112e-02]
 [-1.34783954e-02 -1.48043525e-02]
 [-1.71784855e-02 -1.59425902e-02]
 [-2.71360328e-02 -1.84825080e-03]
 [-3.67006121e-02  1.82271561e-02]
 [ 0.00000000e+00  0.00000000e+00]
 [-1.75559781e-03 -2.97136595e-03]
 [-1.28766023e-02  2.84968789e-03]
 [-7.29793360e-03  7.97715232e-03]
 [-1.02727269e-02  8.04432694e-03]
 [-6.08474375e-03  8.71165985e-03]
 [-2.29225839e-03 -3.50147419e-03]
 [ 0.00000000e+00  0.00000000e+00]
 [-1.09330659e-03 -2.44645682e-03]
 [-1.61270723e-02  2.73477694e-04]
 [-1.30875771e-02  3.38848093e-03]
 [-1.81836099e-02  1.77443446e-03]
 [-1.79362602e-02 -6.81442529e-04]
 [-1.82860576e-02 -1.61776068e-02]]
Min: [-0.03670061 -0.01617761]
Mean: [-0.03670061 -0.01617761]
Max: [0.03185517 0.01822716]
====================================================================================================

====================================================================================================
====================================================================================================
Active Area 2

X,Y Reprojection Errors
Reprojection errors: [[ 0.          0.        ]
 [ 0.07875919  0.01520767]
 [-0.03419773 -0.05744297]
 [ 0.00758578 -0.118761  ]
 [-0.03720763 -0.09735346]
 [ 0.05382985 -0.05822698]
 [ 0.22694997 -0.11245471]
 [-0.          0.        ]
 [-0.0552265  -0.11211928]
 [ 0.02018983 -0.12288763]
 [ 0.0114177  -0.04803805]
 [ 0.10298957 -0.10613022]
 [ 0.09009812 -0.19487379]
 [-0.01646798  0.01192352]
 [-0.         -0.        ]
 [ 0.04522921 -0.08183973]
 [-0.04192876 -0.00395591]
 [-0.09864855  0.03049288]
 [-0.13405945  0.08858599]
 [-0.15484181  0.06373429]
 [-0.33571575  0.00694956]
 [ 0.          0.        ]
 [-0.01921253  0.05234034]
 [-0.0456274   0.07882239]
 [ 0.05527635  0.09541987]
 [-0.03978994  0.05973821]
 [-0.11317973  0.06626433]
 [ 0.11974516  0.17394513]
 [ 0.          0.        ]
 [-0.05255363  0.02432124]
 [-0.14700619 -0.00637402]
 [-0.09205975 -0.02839801]
 [-0.20796902 -0.08159563]
 [-0.31581547 -0.1040261 ]
 [-0.12394527 -0.03084671]]
Min: (-0.33571574887732947,-0.19487379370923857)
Mean: (-0.03581092448931249,-0.017073679130227008)
Max: (0.2269499679464504,0.17394513234461595)
====================================================================================================
Residual Errors
Residuals: [0.         0.08021398 0.06685192 0.11900302 0.10422142 0.07929712
 0.25328314 0.         0.1249828  0.12453513 0.0493763  0.1478867
 0.21469389 0.02033137 0.         0.09350627 0.04211496 0.10325382
 0.1606842  0.16744565 0.33578767 0.         0.05575511 0.09107595
 0.11027433 0.07177669 0.13115111 0.2111772  0.         0.05790861
 0.14714431 0.09634025 0.22340313 0.3325069  0.12772607]
Min: 0.0
Mean: 0.1126774009829519
Max: 0.3357876715858333
====================================================================================================
Relative Errors
Relative errors: [[ 0.          0.        ]
 [ 0.00561849  0.00108488]
 [-0.00243959 -0.00409785]
 [ 0.00054115 -0.00847213]
 [-0.0026543  -0.00694497]
 [ 0.00384009 -0.00415378]
 [ 0.01619007 -0.00802225]
 [ 0.          0.        ]
 [-0.00393973 -0.00799832]
 [ 0.00144029 -0.00876651]
 [ 0.00081451 -0.00342692]
 [ 0.00734703 -0.00757108]
 [ 0.00642739 -0.01390184]
 [-0.00117479  0.0008506 ]
 [ 0.          0.        ]
 [ 0.00322654 -0.00583825]
 [-0.0029911  -0.00028221]
 [-0.00703735  0.00217529]
 [-0.00956348  0.00631951]
 [-0.01104605  0.00454665]
 [-0.02394917  0.00049576]
 [ 0.          0.        ]
 [-0.00137058  0.00373384]
 [-0.00325495  0.005623  ]
 [ 0.00394328  0.00680703]
 [-0.00283852  0.00426158]
 [-0.00807397  0.00472714]
 [ 0.00854234  0.01240883]
 [ 0.          0.        ]
 [-0.00374905  0.00173502]
 [-0.01048707 -0.00045471]
 [-0.00656733 -0.00202585]
 [-0.01483602 -0.00582084]
 [-0.02252953 -0.00742098]
 [-0.00884196 -0.00220053]]
Min: [-0.02394917 -0.01390184]
Mean: [-0.02394917 -0.01390184]
Max: [0.01619007 0.01240883]
====================================================================================================

====================================================================================================
====================================================================================================
Active Area 3

X,Y Reprojection Errors
Reprojection errors: [[ 0.          0.        ]
 [ 0.25407966  0.06022723]
 [ 0.36282173 -0.01692783]
 [ 0.24286568 -0.04955518]
 [ 0.20367394 -0.04335272]
 [ 0.07109694  0.04744618]
 [-0.01359598 -0.07985512]
 [-0.          0.        ]
 [-0.23234286 -0.08899664]
 [-0.13934012 -0.09091818]
 [ 0.0012698  -0.04589587]
 [ 0.04374698 -0.04532427]
 [ 0.14222642 -0.11953489]
 [ 0.24974123  0.09975974]
 [-0.         -0.        ]
 [ 0.04078207 -0.26170026]
 [-0.02586523 -0.36965737]
 [-0.0223556  -0.25565515]
 [-0.093206   -0.1300349 ]
 [-0.14537413  0.02086012]
 [-0.30295246  0.14479599]
 [ 0.          0.        ]
 [-0.04951207  0.18071201]
 [-0.09529025  0.0306747 ]
 [-0.05216061 -0.02821926]
 [-0.05076523  0.05435221]
 [-0.0767887   0.14769341]
 [-0.0410776   0.09766234]
 [ 0.          0.        ]
 [-0.05032453  0.17450141]
 [-0.10351356 -0.03218574]
 [-0.06640414 -0.13709937]
 [-0.07155545 -0.104572  ]
 [-0.10678347 -0.08159206]
 [-0.07664072 -0.1741886 ]]
Min: (-0.302952459971317,-0.3696573734765556)
Mean: (-0.005815550189545302,-0.03133085895355649)
Max: (0.3628217277792749,0.18071200513456886)
====================================================================================================
Residual Errors
Residuals: [0.         0.26112027 0.36321641 0.24786983 0.20823672 0.08547465
 0.08100427 0.         0.24880435 0.16637844 0.04591343 0.06299276
 0.18578736 0.26892878 0.         0.26485884 0.37056117 0.25663073
 0.15998886 0.14686314 0.33577682 0.         0.18737202 0.10010579
 0.05930477 0.07437252 0.16646275 0.10594953 0.         0.18161305
 0.10840193 0.15233433 0.12671024 0.1343874  0.19030362]
Min: 0.0
Mean: 0.1527921360681279
Max: 0.3705611742614904
====================================================================================================
Relative Errors
Relative errors: [[ 0.00000000e+00  0.00000000e+00]
 [ 1.81254429e-02  4.29646808e-03]
 [ 2.58828449e-02 -1.20759152e-03]
 [ 1.73254637e-02 -3.53514971e-03]
 [ 1.45296176e-02 -3.09268065e-03]
 [ 5.07188793e-03  3.38469869e-03]
 [-9.69904967e-04 -5.69667568e-03]
 [ 0.00000000e+00  0.00000000e+00]
 [-1.65747905e-02 -6.34880983e-03]
 [-9.94019496e-03 -6.48588817e-03]
 [ 9.05845790e-05 -3.27410297e-03]
 [ 3.12080631e-03 -3.23332601e-03]
 [ 1.01460970e-02 -8.52733646e-03]
 [ 1.78159494e-02  7.11662421e-03]
 [ 0.00000000e+00  0.00000000e+00]
 [ 2.90929623e-03 -1.86690785e-02]
 [-1.84516438e-03 -2.63704837e-02]
 [-1.59479554e-03 -1.82378347e-02]
 [-6.64909594e-03 -9.27638266e-03]
 [-1.03706467e-02  1.48811157e-03]
 [-2.16119128e-02  1.03294041e-02]
 [ 0.00000000e+00  0.00000000e+00]
 [-3.53207390e-03  1.28915675e-02]
 [-6.79778133e-03  2.18826065e-03]
 [-3.72101487e-03 -2.01309552e-03]
 [-3.62147177e-03  3.87735849e-03]
 [-5.47792447e-03  1.05360987e-02]
 [-2.93037919e-03  6.96700087e-03]
 [ 0.00000000e+00  0.00000000e+00]
 [-3.59003292e-03  1.24485182e-02]
 [-7.38441250e-03 -2.29605431e-03]
 [-4.73711449e-03 -9.78034508e-03]
 [-5.10459698e-03 -7.45991936e-03]
 [-7.61768054e-03 -5.82058445e-03]
 [-5.46736821e-03 -1.24262029e-02]]
Min: [-0.02161191 -0.02637048]
Mean: [-0.02161191 -0.02637048]
Max: [0.02588284 0.01289157]
====================================================================================================

====================================================================================================
====================================================================================================
Active Area 4

X,Y Reprojection Errors
Reprojection errors: [[ 0.          0.        ]
 [ 0.30282694  0.06396522]
 [ 0.5329642   0.05181016]
 [ 0.48055272  0.07639284]
 [ 0.43639069  0.10434003]
 [ 0.11627563  0.13521448]
 [ 0.00119255  0.25766782]
 [-0.          0.        ]
 [-0.28104007 -0.07515236]
 [-0.36263371 -0.05646111]
 [-0.2937952   0.02946177]
 [-0.20244529  0.11711874]
 [ 0.22367829  0.09929035]
 [ 0.61140549  0.2298941 ]
 [-0.         -0.        ]
 [ 0.03047514 -0.31773059]
 [-0.01514608 -0.62077069]
 [-0.01059946 -0.58240824]
 [-0.07135582 -0.54921367]
 [-0.27714647 -0.22583711]
 [-0.55746101 -0.03933328]
 [ 0.          0.        ]
 [-0.03884844  0.20619065]
 [-0.10121311  0.41651601]
 [-0.06658307  0.50310652]
 [-0.00251493  0.4155414 ]
 [-0.12659546 -0.07065021]
 [-0.11814902 -0.25716105]
 [ 0.          0.        ]
 [-0.03350941  0.26529973]
 [-0.10639697  0.35912488]
 [-0.07936241  0.36162479]
 [-0.02524943  0.16384461]
 [-0.16471788 -0.4927087 ]
 [-0.16502036 -0.77607998]]
Min: (-0.5574610148826318,-0.7760799784079078)
Mean: (-0.010400627203565386,-0.0059172258690412425)
Max: (0.6114054866374783,0.5031065167611646)
====================================================================================================
Residual Errors
Residuals: [0.         0.30950881 0.53547654 0.48658687 0.44869107 0.17833389
 0.25767058 0.         0.29091477 0.36700281 0.29526872 0.23388222
 0.24472546 0.65319826 0.         0.31918876 0.62095544 0.58250468
 0.55382967 0.35750883 0.55884693 0.         0.20981845 0.428637
 0.50749332 0.41554901 0.14497539 0.28300353 0.         0.2674076
 0.37455439 0.37023085 0.16577874 0.51951308 0.79343043]
Min: 0.0
Mean: 0.33641388913602643
Max: 0.7934304323874186
====================================================================================================
Relative Errors
Relative errors: [[ 0.00000000e+00  0.00000000e+00]
 [ 2.16029583e-02  4.56312732e-03]
 [ 3.80204066e-02  3.69601437e-03]
 [ 3.42814958e-02  5.44968441e-03]
 [ 3.11310811e-02  7.44337094e-03]
 [ 8.29482895e-03  9.64588147e-03]
 [ 8.50740033e-05  1.83814137e-02]
 [ 0.00000000e+00  0.00000000e+00]
 [-2.00487350e-02 -5.36119195e-03]
 [-2.58694319e-02 -4.02780196e-03]
 [-2.09586556e-02  2.10173323e-03]
 [-1.44419685e-02  8.35497397e-03]
 [ 1.59566808e-02  7.08313877e-03]
 [ 4.36162230e-02  1.64001022e-02]
 [ 0.00000000e+00  0.00000000e+00]
 [ 2.17402464e-03 -2.26661498e-02]
 [-1.08048576e-03 -4.42843148e-02]
 [-7.56140129e-04 -4.15476279e-02]
 [-5.09035560e-03 -3.91796054e-02]
 [-1.97709744e-02 -1.61106857e-02]
 [-3.97679518e-02 -2.80594305e-03]
 [ 0.00000000e+00  0.00000000e+00]
 [-2.77135576e-03  1.47091536e-02]
 [-7.22030448e-03  2.97132681e-02]
 [-4.74987911e-03  3.58904303e-02]
 [-1.79409065e-04  2.96437420e-02]
 [-9.03102115e-03 -5.04001907e-03]
 [-8.42847196e-03 -1.83452617e-02]
 [ 0.00000000e+00  0.00000000e+00]
 [-2.39048225e-03  1.89258559e-02]
 [-7.59010824e-03  2.56191205e-02]
 [-5.66152652e-03  2.57974581e-02]
 [-1.80123498e-03  1.16882872e-02]
 [-1.17505846e-02 -3.51486746e-02]
 [-1.17721624e-02 -5.53637122e-02]]
Min: [-0.03976795 -0.05536371]
Mean: [-0.03976795 -0.05536371]
Max: [0.04361622 0.03589043]
====================================================================================================

====================================================================================================
====================================================================================================
